Using pre-set license
Built from '2022.3/staging' branch; Version is '2022.3.4f1 (35713cd46cd7) revision 3502396'; Using compiler version '192829333'; Build Type 'Release'
OS: 'Windows 11  (10.0.22621) 64bit CoreSingleLanguage' Language: 'es' Physical Memory: 16126 MB
BatchMode: 1, IsHumanControllingUs: 0, StartBugReporterOnCrash: 0, Is64bit: 1, IsPro: 1

COMMAND LINE ARGUMENTS:
C:\Program Files\Unity\Hub\Editor\2022.3.4f1\Editor\Unity.exe
-adb2
-batchMode
-noUpm
-name
AssetImportWorker0
-projectPath
D:/Perso/Leiva2023/Proyecto/File-new-repository/Plantscape-main/PlantscapeUnity
-logFile
Logs/AssetImportWorker0.log
-srvPort
59525
Successfully changed project path to: D:/Perso/Leiva2023/Proyecto/File-new-repository/Plantscape-main/PlantscapeUnity
D:/Perso/Leiva2023/Proyecto/File-new-repository/Plantscape-main/PlantscapeUnity
[UnityMemory] Configuration Parameters - Can be set up in boot.config
    "memorysetup-bucket-allocator-granularity=16"
    "memorysetup-bucket-allocator-bucket-count=8"
    "memorysetup-bucket-allocator-block-size=33554432"
    "memorysetup-bucket-allocator-block-count=8"
    "memorysetup-main-allocator-block-size=16777216"
    "memorysetup-thread-allocator-block-size=16777216"
    "memorysetup-gfx-main-allocator-block-size=16777216"
    "memorysetup-gfx-thread-allocator-block-size=16777216"
    "memorysetup-cache-allocator-block-size=4194304"
    "memorysetup-typetree-allocator-block-size=2097152"
    "memorysetup-profiler-bucket-allocator-granularity=16"
    "memorysetup-profiler-bucket-allocator-bucket-count=8"
    "memorysetup-profiler-bucket-allocator-block-size=33554432"
    "memorysetup-profiler-bucket-allocator-block-count=8"
    "memorysetup-profiler-allocator-block-size=16777216"
    "memorysetup-profiler-editor-allocator-block-size=1048576"
    "memorysetup-temp-allocator-size-main=16777216"
    "memorysetup-job-temp-allocator-block-size=2097152"
    "memorysetup-job-temp-allocator-block-size-background=1048576"
    "memorysetup-job-temp-allocator-reduction-small-platforms=262144"
    "memorysetup-allocator-temp-initial-block-size-main=262144"
    "memorysetup-allocator-temp-initial-block-size-worker=262144"
    "memorysetup-temp-allocator-size-background-worker=32768"
    "memorysetup-temp-allocator-size-job-worker=262144"
    "memorysetup-temp-allocator-size-preload-manager=33554432"
    "memorysetup-temp-allocator-size-nav-mesh-worker=65536"
    "memorysetup-temp-allocator-size-audio-worker=65536"
    "memorysetup-temp-allocator-size-cloud-worker=32768"
    "memorysetup-temp-allocator-size-gi-baking-worker=262144"
    "memorysetup-temp-allocator-size-gfx=262144"
Player connection [6796] Host "[IP] 192.168.100.66 [Port] 0 [Flags] 2 [Guid] 4158882225 [EditorId] 4158882225 [Version] 1048832 [Id] WindowsEditor(7,PCJuls) [Debug] 1 [PackageName] WindowsEditor [ProjectName] Editor" joined multi-casting on [225.0.0.222:54997]...

Player connection [6796] Host "[IP] 192.168.100.66 [Port] 0 [Flags] 2 [Guid] 4158882225 [EditorId] 4158882225 [Version] 1048832 [Id] WindowsEditor(7,PCJuls) [Debug] 1 [PackageName] WindowsEditor [ProjectName] Editor" joined alternative multi-casting on [225.0.0.222:34997]...

Refreshing native plugins compatible for Editor in 15.88 ms, found 4 plugins.
Preloading 0 native plugins for Editor in 0.00 ms.
Initialize engine version: 2022.3.4f1 (35713cd46cd7)
[Subsystems] Discovering subsystems at path C:/Program Files/Unity/Hub/Editor/2022.3.4f1/Editor/Data/Resources/UnitySubsystems
[Subsystems] Discovering subsystems at path D:/Perso/Leiva2023/Proyecto/File-new-repository/Plantscape-main/PlantscapeUnity/Assets
GfxDevice: creating device client; threaded=0; jobified=0
Direct3D:
    Version:  Direct3D 11.0 [level 11.1]
    Renderer: NVIDIA GeForce RTX 3060 Laptop GPU (ID=0x2560)
    Vendor:   NVIDIA
    VRAM:     6009 MB
    Driver:   31.0.15.3209
Initialize mono
Mono path[0] = 'C:/Program Files/Unity/Hub/Editor/2022.3.4f1/Editor/Data/Managed'
Mono path[1] = 'C:/Program Files/Unity/Hub/Editor/2022.3.4f1/Editor/Data/MonoBleedingEdge/lib/mono/unityjit-win32'
Mono config path = 'C:/Program Files/Unity/Hub/Editor/2022.3.4f1/Editor/Data/MonoBleedingEdge/etc'
Using monoOptions --debugger-agent=transport=dt_socket,embedding=1,server=y,suspend=n,address=127.0.0.1:56708
Begin MonoManager ReloadAssembly
Registering precompiled unity dll's ...
Register platform support module: C:/Program Files/Unity/Hub/Editor/2022.3.4f1/Editor/Data/PlaybackEngines/WebGLSupport/UnityEditor.WebGL.Extensions.dll
Register platform support module: C:/Program Files/Unity/Hub/Editor/2022.3.4f1/Editor/Data/PlaybackEngines/AndroidPlayer/UnityEditor.Android.Extensions.dll
Register platform support module: C:/Program Files/Unity/Hub/Editor/2022.3.4f1/Editor/Data/PlaybackEngines/WindowsStandaloneSupport/UnityEditor.WindowsStandalone.Extensions.dll
Register platform support module: C:/Program Files/Unity/Hub/Editor/2022.3.4f1/Editor/Data/PlaybackEngines/MetroSupport/UnityEditor.UWP.Extensions.dll
Registered in 0.011693 seconds.
- Loaded All Assemblies, in  0.325 seconds
Native extension for UWP target not found
Native extension for WindowsStandalone target not found
Native extension for Android target not found
Android Extension - Scanning For ADB Devices 245 ms
Native extension for WebGL target not found
Mono: successfully reloaded assembly
- Finished resetting the current domain, in  0.520 seconds
Domain Reload Profiling: 843ms
	BeginReloadAssembly (81ms)
		ExecutionOrderSort (0ms)
		DisableScriptedObjects (0ms)
		BackupInstance (0ms)
		ReleaseScriptingObjects (0ms)
		CreateAndSetChildDomain (1ms)
	RebuildCommonClasses (35ms)
	RebuildNativeTypeToScriptingClass (11ms)
	initialDomainReloadingComplete (59ms)
	LoadAllAssembliesAndSetupDomain (136ms)
		LoadAssemblies (79ms)
		RebuildTransferFunctionScriptingTraits (0ms)
		AnalyzeDomain (129ms)
			TypeCache.Refresh (128ms)
				TypeCache.ScanAssembly (115ms)
			ScanForSourceGeneratedMonoScriptInfo (0ms)
			ResolveRequiredComponents (0ms)
	FinalizeReload (521ms)
		ReleaseScriptCaches (0ms)
		RebuildScriptCaches (0ms)
		SetupLoadedEditorAssemblies (467ms)
			LogAssemblyErrors (0ms)
			InitializePlatformSupportModulesInManaged (342ms)
			SetLoadedEditorAssemblies (3ms)
			RefreshPlugins (0ms)
			BeforeProcessingInitializeOnLoad (2ms)
			ProcessInitializeOnLoadAttributes (80ms)
			ProcessInitializeOnLoadMethodAttributes (40ms)
			AfterProcessingInitializeOnLoad (0ms)
			EditorAssembliesLoaded (0ms)
		ExecutionOrderSort2 (0ms)
		AwakeInstancesAfterBackupRestoration (0ms)
========================================================================
Worker process is ready to serve import requests
Begin MonoManager ReloadAssembly
Symbol file LoadedFromMemory doesn't match image D:\Perso\Leiva2023\Proyecto\File-new-repository\Plantscape-main\PlantscapeUnity\Library\PackageCache\com.unity.visualscripting@1.8.0\Editor\VisualScripting.Core\Dependencies\YamlDotNet\Unity.VisualScripting.YamlDotNet.dll
Symbol file LoadedFromMemory doesn't match image D:\Perso\Leiva2023\Proyecto\File-new-repository\Plantscape-main\PlantscapeUnity\Library\PackageCache\com.unity.visualscripting@1.8.0\Editor\VisualScripting.Core\Dependencies\DotNetZip\Unity.VisualScripting.IonicZip.dll
- Loaded All Assemblies, in  1.022 seconds
Refreshing native plugins compatible for Editor in 6.53 ms, found 4 plugins.
Native extension for UWP target not found
Native extension for WindowsStandalone target not found
Native extension for Android target not found
Native extension for WebGL target not found
Mono: successfully reloaded assembly
- Finished resetting the current domain, in  0.917 seconds
Domain Reload Profiling: 1931ms
	BeginReloadAssembly (140ms)
		ExecutionOrderSort (0ms)
		DisableScriptedObjects (4ms)
		BackupInstance (0ms)
		ReleaseScriptingObjects (0ms)
		CreateAndSetChildDomain (33ms)
	RebuildCommonClasses (33ms)
	RebuildNativeTypeToScriptingClass (11ms)
	initialDomainReloadingComplete (49ms)
	LoadAllAssembliesAndSetupDomain (780ms)
		LoadAssemblies (400ms)
		RebuildTransferFunctionScriptingTraits (0ms)
		AnalyzeDomain (434ms)
			TypeCache.Refresh (392ms)
				TypeCache.ScanAssembly (372ms)
			ScanForSourceGeneratedMonoScriptInfo (34ms)
			ResolveRequiredComponents (8ms)
	FinalizeReload (918ms)
		ReleaseScriptCaches (0ms)
		RebuildScriptCaches (0ms)
		SetupLoadedEditorAssemblies (667ms)
			LogAssemblyErrors (0ms)
			InitializePlatformSupportModulesInManaged (32ms)
			SetLoadedEditorAssemblies (5ms)
			RefreshPlugins (0ms)
			BeforeProcessingInitializeOnLoad (139ms)
			ProcessInitializeOnLoadAttributes (369ms)
			ProcessInitializeOnLoadMethodAttributes (114ms)
			AfterProcessingInitializeOnLoad (7ms)
			EditorAssembliesLoaded (0ms)
		ExecutionOrderSort2 (0ms)
		AwakeInstancesAfterBackupRestoration (7ms)
Launched and connected shader compiler UnityShaderCompiler.exe after 0.06 seconds
Refreshing native plugins compatible for Editor in 5.50 ms, found 4 plugins.
Preloading 0 native plugins for Editor in 0.00 ms.
Unloading 5664 Unused Serialized files (Serialized files now loaded: 0)
Unloading 82 unused Assets / (351.1 KB). Loaded Objects now: 6132.
Memory consumption went from 188.5 MB to 188.1 MB.
Total: 5.087000 ms (FindLiveObjects: 0.499700 ms CreateObjectMapping: 0.292100 ms MarkObjects: 4.065200 ms  DeleteObjects: 0.227400 ms)

AssetImportParameters requested are different than current active one (requested -> active):
  custom:container-demuxer-ogg: 62fdf1f143b41e24485cea50d1cbac27 -> 
  custom:video-codec-MediaFoundation-h265: 746d11721c4dcdbdad8f713fa42b33f4 -> 
  custom:video-decoder-ogg-theora: a1e56fd34408186e4bbccfd4996cb3dc -> 
  custom:framework-win-MediaFoundation: 216162199b28c13a410421893ffa2e32 -> 
  custom:container-demuxer-webm: 4f35f7cbe854078d1ac9338744f61a02 -> 
  custom:container-muxer-webm: aa71ff27fc2769a1b78a27578f13a17b -> 
  custom:video-decoder-webm-vp8: 9c59270c3fd7afecdb556c50c9e8de78 -> 
  custom:AudioImporter_EditorPlatform: d09bf68614088b80899f8185d706f6e7 -> 
  custom:video-encoder-webm-vp8: eb34c28f22e8b96e1ab97ce403110664 -> 
  custom:audio-decoder-ogg-vorbis: bf7c407c2cedff20999df2af8eb42d56 -> 
  custom:audio-encoder-webm-vorbis: bf7c407c2cedff20999df2af8eb42d56 -> 
========================================================================
Received Prepare
Refreshing native plugins compatible for Editor in 6.71 ms, found 4 plugins.
Preloading 0 native plugins for Editor in 0.00 ms.
Unloading 3 Unused Serialized files (Serialized files now loaded: 0)
Unloading 3 unused Assets / (293.7 KB). Loaded Objects now: 6132.
Memory consumption went from 93.3 MB to 93.0 MB.
Total: 4.829500 ms (FindLiveObjects: 0.523400 ms CreateObjectMapping: 0.274100 ms MarkObjects: 3.923500 ms  DeleteObjects: 0.107300 ms)

Prepare: number of updated asset objects reloaded= 0
AssetImportParameters requested are different than current active one (requested -> active):
  custom:container-demuxer-ogg: 62fdf1f143b41e24485cea50d1cbac27 -> 
  custom:video-codec-MediaFoundation-h265: 746d11721c4dcdbdad8f713fa42b33f4 -> 
  custom:video-decoder-ogg-theora: a1e56fd34408186e4bbccfd4996cb3dc -> 
  custom:framework-win-MediaFoundation: 216162199b28c13a410421893ffa2e32 -> 
  custom:CustomObjectIndexerAttribute: 756ad292c208cfabdd7b50bc23989ffe -> 
  custom:container-demuxer-webm: 4f35f7cbe854078d1ac9338744f61a02 -> 
  custom:container-muxer-webm: aa71ff27fc2769a1b78a27578f13a17b -> 
  custom:video-decoder-webm-vp8: 9c59270c3fd7afecdb556c50c9e8de78 -> 
  custom:AudioImporter_EditorPlatform: d09bf68614088b80899f8185d706f6e7 -> 
  custom:video-encoder-webm-vp8: eb34c28f22e8b96e1ab97ce403110664 -> 
  custom:audio-decoder-ogg-vorbis: bf7c407c2cedff20999df2af8eb42d56 -> 
  custom:audio-encoder-webm-vorbis: bf7c407c2cedff20999df2af8eb42d56 -> 
========================================================================
Received Prepare
Begin MonoManager ReloadAssembly
Symbol file LoadedFromMemory doesn't match image D:\Perso\Leiva2023\Proyecto\File-new-repository\Plantscape-main\PlantscapeUnity\Library\PackageCache\com.unity.visualscripting@1.8.0\Editor\VisualScripting.Core\Dependencies\YamlDotNet\Unity.VisualScripting.YamlDotNet.dll
Symbol file LoadedFromMemory doesn't match image D:\Perso\Leiva2023\Proyecto\File-new-repository\Plantscape-main\PlantscapeUnity\Library\PackageCache\com.unity.visualscripting@1.8.0\Editor\VisualScripting.Core\Dependencies\DotNetZip\Unity.VisualScripting.IonicZip.dll
- Loaded All Assemblies, in  0.843 seconds
Refreshing native plugins compatible for Editor in 5.35 ms, found 4 plugins.
Native extension for UWP target not found
Native extension for WindowsStandalone target not found
Native extension for Android target not found
Native extension for WebGL target not found
Mono: successfully reloaded assembly
- Finished resetting the current domain, in  1.367 seconds
Domain Reload Profiling: 2201ms
	BeginReloadAssembly (146ms)
		ExecutionOrderSort (0ms)
		DisableScriptedObjects (10ms)
		BackupInstance (0ms)
		ReleaseScriptingObjects (0ms)
		CreateAndSetChildDomain (45ms)
	RebuildCommonClasses (38ms)
	RebuildNativeTypeToScriptingClass (9ms)
	initialDomainReloadingComplete (29ms)
	LoadAllAssembliesAndSetupDomain (611ms)
		LoadAssemblies (330ms)
		RebuildTransferFunctionScriptingTraits (0ms)
		AnalyzeDomain (321ms)
			TypeCache.Refresh (316ms)
				TypeCache.ScanAssembly (302ms)
			ScanForSourceGeneratedMonoScriptInfo (0ms)
			ResolveRequiredComponents (5ms)
	FinalizeReload (1368ms)
		ReleaseScriptCaches (0ms)
		RebuildScriptCaches (0ms)
		SetupLoadedEditorAssemblies (597ms)
			LogAssemblyErrors (0ms)
			InitializePlatformSupportModulesInManaged (28ms)
			SetLoadedEditorAssemblies (4ms)
			RefreshPlugins (0ms)
			BeforeProcessingInitializeOnLoad (128ms)
			ProcessInitializeOnLoadAttributes (330ms)
			ProcessInitializeOnLoadMethodAttributes (97ms)
			AfterProcessingInitializeOnLoad (9ms)
			EditorAssembliesLoaded (0ms)
		ExecutionOrderSort2 (0ms)
		AwakeInstancesAfterBackupRestoration (14ms)
Refreshing native plugins compatible for Editor in 8.65 ms, found 4 plugins.
Preloading 0 native plugins for Editor in 0.00 ms.
Unloading 5628 Unused Serialized files (Serialized files now loaded: 0)
Unloading 45 unused Assets / (322.0 KB). Loaded Objects now: 6137.
Memory consumption went from 179.5 MB to 179.2 MB.
Total: 7.791600 ms (FindLiveObjects: 0.813600 ms CreateObjectMapping: 1.729500 ms MarkObjects: 5.090300 ms  DeleteObjects: 0.156600 ms)

Prepare: number of updated asset objects reloaded= 0
AssetImportParameters requested are different than current active one (requested -> active):
  custom:container-demuxer-ogg: 62fdf1f143b41e24485cea50d1cbac27 -> 
  custom:video-codec-MediaFoundation-h265: 746d11721c4dcdbdad8f713fa42b33f4 -> 
  custom:video-decoder-ogg-theora: a1e56fd34408186e4bbccfd4996cb3dc -> 
  custom:framework-win-MediaFoundation: 216162199b28c13a410421893ffa2e32 -> 
  custom:CustomObjectIndexerAttribute: 756ad292c208cfabdd7b50bc23989ffe -> 
  custom:container-demuxer-webm: 4f35f7cbe854078d1ac9338744f61a02 -> 
  custom:container-muxer-webm: aa71ff27fc2769a1b78a27578f13a17b -> 
  custom:video-decoder-webm-vp8: 9c59270c3fd7afecdb556c50c9e8de78 -> 
  custom:AudioImporter_EditorPlatform: d09bf68614088b80899f8185d706f6e7 -> 
  custom:video-encoder-webm-vp8: eb34c28f22e8b96e1ab97ce403110664 -> 
  custom:audio-decoder-ogg-vorbis: bf7c407c2cedff20999df2af8eb42d56 -> 
  custom:audio-encoder-webm-vorbis: bf7c407c2cedff20999df2af8eb42d56 -> 
========================================================================
Received Prepare
Begin MonoManager ReloadAssembly
Symbol file LoadedFromMemory doesn't match image D:\Perso\Leiva2023\Proyecto\File-new-repository\Plantscape-main\PlantscapeUnity\Library\PackageCache\com.unity.visualscripting@1.8.0\Editor\VisualScripting.Core\Dependencies\YamlDotNet\Unity.VisualScripting.YamlDotNet.dll
Symbol file LoadedFromMemory doesn't match image D:\Perso\Leiva2023\Proyecto\File-new-repository\Plantscape-main\PlantscapeUnity\Library\PackageCache\com.unity.visualscripting@1.8.0\Editor\VisualScripting.Core\Dependencies\DotNetZip\Unity.VisualScripting.IonicZip.dll
- Loaded All Assemblies, in  0.803 seconds
Refreshing native plugins compatible for Editor in 8.99 ms, found 4 plugins.
Native extension for UWP target not found
Native extension for WindowsStandalone target not found
Native extension for Android target not found
Native extension for WebGL target not found
Mono: successfully reloaded assembly
- Finished resetting the current domain, in  1.348 seconds
Domain Reload Profiling: 2142ms
	BeginReloadAssembly (150ms)
		ExecutionOrderSort (0ms)
		DisableScriptedObjects (9ms)
		BackupInstance (0ms)
		ReleaseScriptingObjects (0ms)
		CreateAndSetChildDomain (47ms)
	RebuildCommonClasses (27ms)
	RebuildNativeTypeToScriptingClass (9ms)
	initialDomainReloadingComplete (28ms)
	LoadAllAssembliesAndSetupDomain (580ms)
		LoadAssemblies (347ms)
		RebuildTransferFunctionScriptingTraits (0ms)
		AnalyzeDomain (276ms)
			TypeCache.Refresh (271ms)
				TypeCache.ScanAssembly (257ms)
			ScanForSourceGeneratedMonoScriptInfo (0ms)
			ResolveRequiredComponents (4ms)
	FinalizeReload (1349ms)
		ReleaseScriptCaches (0ms)
		RebuildScriptCaches (0ms)
		SetupLoadedEditorAssemblies (561ms)
			LogAssemblyErrors (0ms)
			InitializePlatformSupportModulesInManaged (30ms)
			SetLoadedEditorAssemblies (4ms)
			RefreshPlugins (0ms)
			BeforeProcessingInitializeOnLoad (128ms)
			ProcessInitializeOnLoadAttributes (308ms)
			ProcessInitializeOnLoadMethodAttributes (82ms)
			AfterProcessingInitializeOnLoad (9ms)
			EditorAssembliesLoaded (0ms)
		ExecutionOrderSort2 (0ms)
		AwakeInstancesAfterBackupRestoration (14ms)
Refreshing native plugins compatible for Editor in 6.29 ms, found 4 plugins.
Preloading 0 native plugins for Editor in 0.00 ms.
Unloading 5628 Unused Serialized files (Serialized files now loaded: 0)
Unloading 45 unused Assets / (322.2 KB). Loaded Objects now: 6141.
Memory consumption went from 179.5 MB to 179.2 MB.
Total: 5.953000 ms (FindLiveObjects: 0.767300 ms CreateObjectMapping: 0.660900 ms MarkObjects: 4.281900 ms  DeleteObjects: 0.240000 ms)

Prepare: number of updated asset objects reloaded= 0
AssetImportParameters requested are different than current active one (requested -> active):
  custom:container-demuxer-ogg: 62fdf1f143b41e24485cea50d1cbac27 -> 
  custom:video-codec-MediaFoundation-h265: 746d11721c4dcdbdad8f713fa42b33f4 -> 
  custom:video-decoder-ogg-theora: a1e56fd34408186e4bbccfd4996cb3dc -> 
  custom:framework-win-MediaFoundation: 216162199b28c13a410421893ffa2e32 -> 
  custom:CustomObjectIndexerAttribute: 756ad292c208cfabdd7b50bc23989ffe -> 
  custom:container-demuxer-webm: 4f35f7cbe854078d1ac9338744f61a02 -> 
  custom:container-muxer-webm: aa71ff27fc2769a1b78a27578f13a17b -> 
  custom:video-decoder-webm-vp8: 9c59270c3fd7afecdb556c50c9e8de78 -> 
  custom:AudioImporter_EditorPlatform: d09bf68614088b80899f8185d706f6e7 -> 
  custom:video-encoder-webm-vp8: eb34c28f22e8b96e1ab97ce403110664 -> 
  custom:audio-decoder-ogg-vorbis: bf7c407c2cedff20999df2af8eb42d56 -> 
  custom:audio-encoder-webm-vorbis: bf7c407c2cedff20999df2af8eb42d56 -> 
========================================================================
Received Import Request.
  Time since last request: 44219.299112 seconds.
  path: Assets/Scripts/InteractionSystem/SetUpRoom.cs
  artifactKey: Guid(8b9c08710f836c04cb953d827ef99d92) Importer(815301076,1909f56bfc062723c751e8b465ee728b)
Start importing Assets/Scripts/InteractionSystem/SetUpRoom.cs using Guid(8b9c08710f836c04cb953d827ef99d92) Importer(815301076,1909f56bfc062723c751e8b465ee728b)  -> (artifact id: 'b6e3fd51fcbe7b850722f8ece295bdcc') in 0.002995 seconds
Number of updated asset objects reloaded before import = 0
Number of asset objects unloaded after import = 0
========================================================================
Received Prepare
Begin MonoManager ReloadAssembly
Symbol file LoadedFromMemory doesn't match image D:\Perso\Leiva2023\Proyecto\File-new-repository\Plantscape-main\PlantscapeUnity\Library\PackageCache\com.unity.visualscripting@1.8.0\Editor\VisualScripting.Core\Dependencies\YamlDotNet\Unity.VisualScripting.YamlDotNet.dll
Symbol file LoadedFromMemory doesn't match image D:\Perso\Leiva2023\Proyecto\File-new-repository\Plantscape-main\PlantscapeUnity\Library\PackageCache\com.unity.visualscripting@1.8.0\Editor\VisualScripting.Core\Dependencies\DotNetZip\Unity.VisualScripting.IonicZip.dll
- Loaded All Assemblies, in  0.799 seconds
Refreshing native plugins compatible for Editor in 5.02 ms, found 4 plugins.
Native extension for UWP target not found
Native extension for WindowsStandalone target not found
Native extension for Android target not found
Native extension for WebGL target not found
Mono: successfully reloaded assembly
- Finished resetting the current domain, in  1.270 seconds
Domain Reload Profiling: 2062ms
	BeginReloadAssembly (145ms)
		ExecutionOrderSort (0ms)
		DisableScriptedObjects (9ms)
		BackupInstance (0ms)
		ReleaseScriptingObjects (0ms)
		CreateAndSetChildDomain (46ms)
	RebuildCommonClasses (25ms)
	RebuildNativeTypeToScriptingClass (9ms)
	initialDomainReloadingComplete (27ms)
	LoadAllAssembliesAndSetupDomain (585ms)
		LoadAssemblies (339ms)
		RebuildTransferFunctionScriptingTraits (0ms)
		AnalyzeDomain (286ms)
			TypeCache.Refresh (281ms)
				TypeCache.ScanAssembly (268ms)
			ScanForSourceGeneratedMonoScriptInfo (0ms)
			ResolveRequiredComponents (4ms)
	FinalizeReload (1271ms)
		ReleaseScriptCaches (0ms)
		RebuildScriptCaches (0ms)
		SetupLoadedEditorAssemblies (528ms)
			LogAssemblyErrors (0ms)
			InitializePlatformSupportModulesInManaged (26ms)
			SetLoadedEditorAssemblies (3ms)
			RefreshPlugins (0ms)
			BeforeProcessingInitializeOnLoad (112ms)
			ProcessInitializeOnLoadAttributes (293ms)
			ProcessInitializeOnLoadMethodAttributes (83ms)
			AfterProcessingInitializeOnLoad (10ms)
			EditorAssembliesLoaded (0ms)
		ExecutionOrderSort2 (0ms)
		AwakeInstancesAfterBackupRestoration (13ms)
Refreshing native plugins compatible for Editor in 6.56 ms, found 4 plugins.
Preloading 0 native plugins for Editor in 0.00 ms.
Unloading 5627 Unused Serialized files (Serialized files now loaded: 0)
Unloading 45 unused Assets / (322.3 KB). Loaded Objects now: 6145.
Memory consumption went from 179.3 MB to 179.0 MB.
Total: 5.998400 ms (FindLiveObjects: 0.527800 ms CreateObjectMapping: 0.492500 ms MarkObjects: 4.743700 ms  DeleteObjects: 0.233000 ms)

Prepare: number of updated asset objects reloaded= 0
AssetImportParameters requested are different than current active one (requested -> active):
  custom:container-demuxer-ogg: 62fdf1f143b41e24485cea50d1cbac27 -> 
  custom:video-codec-MediaFoundation-h265: 746d11721c4dcdbdad8f713fa42b33f4 -> 
  custom:video-decoder-ogg-theora: a1e56fd34408186e4bbccfd4996cb3dc -> 
  custom:framework-win-MediaFoundation: 216162199b28c13a410421893ffa2e32 -> 
  custom:CustomObjectIndexerAttribute: 756ad292c208cfabdd7b50bc23989ffe -> 
  custom:container-demuxer-webm: 4f35f7cbe854078d1ac9338744f61a02 -> 
  custom:container-muxer-webm: aa71ff27fc2769a1b78a27578f13a17b -> 
  custom:video-decoder-webm-vp8: 9c59270c3fd7afecdb556c50c9e8de78 -> 
  custom:AudioImporter_EditorPlatform: d09bf68614088b80899f8185d706f6e7 -> 
  custom:video-encoder-webm-vp8: eb34c28f22e8b96e1ab97ce403110664 -> 
  custom:audio-decoder-ogg-vorbis: bf7c407c2cedff20999df2af8eb42d56 -> 
  custom:audio-encoder-webm-vorbis: bf7c407c2cedff20999df2af8eb42d56 -> 
========================================================================
Received Import Request.
  Time since last request: 986.638584 seconds.
  path: Assets/Artes
  artifactKey: Guid(54a5a515cf94d0848ad10fec047f8149) Importer(815301076,1909f56bfc062723c751e8b465ee728b)
Start importing Assets/Artes using Guid(54a5a515cf94d0848ad10fec047f8149) Importer(815301076,1909f56bfc062723c751e8b465ee728b)  -> (artifact id: 'b89bedd5eb209a39421a0c0278fef820') in 0.002684 seconds
Number of updated asset objects reloaded before import = 0
Number of asset objects unloaded after import = 0
========================================================================
Received Import Request.
  Time since last request: 1.831034 seconds.
  path: Assets/Artes 1
  artifactKey: Guid(cb4c3078ffa95ab41ae1c27b834479af) Importer(815301076,1909f56bfc062723c751e8b465ee728b)
Start importing Assets/Artes 1 using Guid(cb4c3078ffa95ab41ae1c27b834479af) Importer(815301076,1909f56bfc062723c751e8b465ee728b)  -> (artifact id: '1090595a963de0344ff1acef40630615') in 0.000540 seconds
Number of updated asset objects reloaded before import = 0
Number of asset objects unloaded after import = 0
========================================================================
Received Import Request.
  Time since last request: 0.084484 seconds.
  path: Assets/Artes 1/oil-6-32x.png
  artifactKey: Guid(50c887f40c87acf4695934e051a03a90) Importer(815301076,1909f56bfc062723c751e8b465ee728b)
Start importing Assets/Artes 1/oil-6-32x.png using Guid(50c887f40c87acf4695934e051a03a90) Importer(815301076,1909f56bfc062723c751e8b465ee728b)  -> (artifact id: '291d4cd0e545d7a50ef009c73ee7c3ab') in 0.129718 seconds
Number of updated asset objects reloaded before import = 0
Number of asset objects unloaded after import = 2
========================================================================
Received Import Request.
  Time since last request: 0.000018 seconds.
  path: Assets/Artes 1/win.png
  artifactKey: Guid(c9c046118d3fa0c4aac8564f4b09ab7c) Importer(815301076,1909f56bfc062723c751e8b465ee728b)
Start importing Assets/Artes 1/win.png using Guid(c9c046118d3fa0c4aac8564f4b09ab7c) Importer(815301076,1909f56bfc062723c751e8b465ee728b)  -> (artifact id: '90e5b2fd91abf7aabc14f4b4368e784d') in 0.032135 seconds
Number of updated asset objects reloaded before import = 0
Number of asset objects unloaded after import = 3
========================================================================
Received Import Request.
  Time since last request: 2.339183 seconds.
  path: Assets/Artes 1/UI
  artifactKey: Guid(4deafbe65ccc65045abd31b61c44e303) Importer(815301076,1909f56bfc062723c751e8b465ee728b)
Start importing Assets/Artes 1/UI using Guid(4deafbe65ccc65045abd31b61c44e303) Importer(815301076,1909f56bfc062723c751e8b465ee728b)  -> (artifact id: '4b151c9fb8c3d9a1094b8771a097e20a') in 0.000971 seconds
Number of updated asset objects reloaded before import = 0
Number of asset objects unloaded after import = 0
========================================================================
Received Import Request.
  Time since last request: 0.209541 seconds.
  path: Assets/Artes 1/UI/CONTROLES.png
  artifactKey: Guid(24f66b0f03d6ccb4ebcbf8d4ade6596d) Importer(815301076,1909f56bfc062723c751e8b465ee728b)
Start importing Assets/Artes 1/UI/CONTROLES.png using Guid(24f66b0f03d6ccb4ebcbf8d4ade6596d) Importer(815301076,1909f56bfc062723c751e8b465ee728b)  -> (artifact id: '8d6a6ff7b9f73425640f33394c584925') in 0.090215 seconds
Number of updated asset objects reloaded before import = 0
Number of asset objects unloaded after import = 3
========================================================================
Received Import Request.
  Time since last request: 0.000044 seconds.
  path: Assets/Artes 1/UI/UI_button4.png
  artifactKey: Guid(b43883f99d9fd4c47a94537db563cc03) Importer(815301076,1909f56bfc062723c751e8b465ee728b)
Start importing Assets/Artes 1/UI/UI_button4.png using Guid(b43883f99d9fd4c47a94537db563cc03) Importer(815301076,1909f56bfc062723c751e8b465ee728b)  -> (artifact id: 'ea6c5a13aff5f34c611b236cbe539b3e') in 0.022534 seconds
Number of updated asset objects reloaded before import = 0
Number of asset objects unloaded after import = 2
========================================================================
Received Import Request.
  Time since last request: 0.000496 seconds.
  path: Assets/Artes 1/UI/UI_water4.png
  artifactKey: Guid(4fb2da058b9ee6d4492b3e51289a5705) Importer(815301076,1909f56bfc062723c751e8b465ee728b)
Start importing Assets/Artes 1/UI/UI_water4.png using Guid(4fb2da058b9ee6d4492b3e51289a5705) Importer(815301076,1909f56bfc062723c751e8b465ee728b)  -> (artifact id: 'fdd14c657088babda2cbda89d3f96bc6') in 0.023428 seconds
Number of updated asset objects reloaded before import = 0
Number of asset objects unloaded after import = 2
========================================================================
Received Import Request.
  Time since last request: 0.000020 seconds.
  path: Assets/Artes 1/UI/UI_Buttons.png
  artifactKey: Guid(2db9b7c08d1511f4ba1d8b96be049205) Importer(815301076,1909f56bfc062723c751e8b465ee728b)
Start importing Assets/Artes 1/UI/UI_Buttons.png using Guid(2db9b7c08d1511f4ba1d8b96be049205) Importer(815301076,1909f56bfc062723c751e8b465ee728b)  -> (artifact id: '72cf6acfeffb3b610c444ae34ed497fd') in 0.025645 seconds
Number of updated asset objects reloaded before import = 0
Number of asset objects unloaded after import = 2
========================================================================
Received Import Request.
  Time since last request: 0.000041 seconds.
  path: Assets/Artes 1/UI/UI_water3.png
  artifactKey: Guid(2bd573b9191d62a4baf7e658ba32fd1f) Importer(815301076,1909f56bfc062723c751e8b465ee728b)
Start importing Assets/Artes 1/UI/UI_water3.png using Guid(2bd573b9191d62a4baf7e658ba32fd1f) Importer(815301076,1909f56bfc062723c751e8b465ee728b)  -> (artifact id: '57f00b0cb2a327467d2012d3526666bc') in 0.015026 seconds
Number of updated asset objects reloaded before import = 0
Number of asset objects unloaded after import = 2
========================================================================
Received Import Request.
  Time since last request: 0.000022 seconds.
  path: Assets/Artes 1/UI/UI_water.png
  artifactKey: Guid(49e4d9e2e0d45844ea487f6fe9f21738) Importer(815301076,1909f56bfc062723c751e8b465ee728b)
Start importing Assets/Artes 1/UI/UI_water.png using Guid(49e4d9e2e0d45844ea487f6fe9f21738) Importer(815301076,1909f56bfc062723c751e8b465ee728b)  -> (artifact id: '7e43f7721a67da076eb5577e2c3ffbd2') in 0.013950 seconds
Number of updated asset objects reloaded before import = 0
Number of asset objects unloaded after import = 2
========================================================================
Received Import Request.
  Time since last request: 0.000019 seconds.
  path: Assets/Artes 1/UI/UI_water1.png
  artifactKey: Guid(cedcec8795546d547ade6086f7d23857) Importer(815301076,1909f56bfc062723c751e8b465ee728b)
Start importing Assets/Artes 1/UI/UI_water1.png using Guid(cedcec8795546d547ade6086f7d23857) Importer(815301076,1909f56bfc062723c751e8b465ee728b)  -> (artifact id: '3722f6e9bcf72cb7b9fdb7917b034bdb') in 0.014883 seconds
Number of updated asset objects reloaded before import = 0
Number of asset objects unloaded after import = 2
========================================================================
Received Import Request.
  Time since last request: 0.000019 seconds.
  path: Assets/Artes 1/UI/UI_water2.png
  artifactKey: Guid(e076c009b7fd71f4d92de1118c20cd47) Importer(815301076,1909f56bfc062723c751e8b465ee728b)
Start importing Assets/Artes 1/UI/UI_water2.png using Guid(e076c009b7fd71f4d92de1118c20cd47) Importer(815301076,1909f56bfc062723c751e8b465ee728b)  -> (artifact id: '9191df358e5a92333abc8017ee6281ec') in 0.015481 seconds
Number of updated asset objects reloaded before import = 0
Number of asset objects unloaded after import = 2
========================================================================
Received Import Request.
  Time since last request: 0.000023 seconds.
  path: Assets/Artes 1/UI/UI_button2.png
  artifactKey: Guid(ba698185860c0da468760d27b927c0df) Importer(815301076,1909f56bfc062723c751e8b465ee728b)
Start importing Assets/Artes 1/UI/UI_button2.png using Guid(ba698185860c0da468760d27b927c0df) Importer(815301076,1909f56bfc062723c751e8b465ee728b)  -> (artifact id: '254400739c80e544029ce061453234d9') in 0.018539 seconds
Number of updated asset objects reloaded before import = 0
Number of asset objects unloaded after import = 2
========================================================================
Received Import Request.
  Time since last request: 0.000032 seconds.
  path: Assets/Artes 1/UI/UI_button3.png
  artifactKey: Guid(4856ed1deb0ac5e43993ec6340e16c5f) Importer(815301076,1909f56bfc062723c751e8b465ee728b)
Start importing Assets/Artes 1/UI/UI_button3.png using Guid(4856ed1deb0ac5e43993ec6340e16c5f) Importer(815301076,1909f56bfc062723c751e8b465ee728b)  -> (artifact id: '20655b7fc348061d613c7f82c652db9e') in 0.019006 seconds
Number of updated asset objects reloaded before import = 0
Number of asset objects unloaded after import = 2
========================================================================
Received Import Request.
  Time since last request: 0.000021 seconds.
  path: Assets/Artes 1/UI/UI_TXT.png
  artifactKey: Guid(d296bc9c1b6db3545a5dfc8b692cdef2) Importer(815301076,1909f56bfc062723c751e8b465ee728b)
Start importing Assets/Artes 1/UI/UI_TXT.png using Guid(d296bc9c1b6db3545a5dfc8b692cdef2) Importer(815301076,1909f56bfc062723c751e8b465ee728b)  -> (artifact id: '8347280b15857e5ab3cd8456e72cee4e') in 0.021361 seconds
Number of updated asset objects reloaded before import = 0
Number of asset objects unloaded after import = 2
========================================================================
Received Import Request.
  Time since last request: 0.000018 seconds.
  path: Assets/Artes 1/UI/UI_button1 (1).png
  artifactKey: Guid(7905a6e39e10af744ae5ddd957a8456e) Importer(815301076,1909f56bfc062723c751e8b465ee728b)
Start importing Assets/Artes 1/UI/UI_button1 (1).png using Guid(7905a6e39e10af744ae5ddd957a8456e) Importer(815301076,1909f56bfc062723c751e8b465ee728b)  -> (artifact id: '02f6ced81dc945ff047d3589a5c41bcb') in 0.020309 seconds
Number of updated asset objects reloaded before import = 0
Number of asset objects unloaded after import = 3
========================================================================
Received Import Request.
  Time since last request: 21.929768 seconds.
  path: Assets/Artes 1/Logos Splash/2. Logo CMM.png
  artifactKey: Guid(cd0b8f7b51e32ac43b717e867e734c18) Importer(815301076,1909f56bfc062723c751e8b465ee728b)
Start importing Assets/Artes 1/Logos Splash/2. Logo CMM.png using Guid(cd0b8f7b51e32ac43b717e867e734c18) Importer(815301076,1909f56bfc062723c751e8b465ee728b)  -> (artifact id: 'e382dfc07e2464d30fd26462ccb885ca') in 0.068270 seconds
Number of updated asset objects reloaded before import = 0
Number of asset objects unloaded after import = 3
========================================================================
Received Import Request.
  Time since last request: 2.080263 seconds.
  path: Assets/Artes 1/Fuentes/NotJamSlab14 SDF.asset
  artifactKey: Guid(a8f387a95bcea3f47af91eede293cd90) Importer(815301076,1909f56bfc062723c751e8b465ee728b)
Start importing Assets/Artes 1/Fuentes/NotJamSlab14 SDF.asset using Guid(a8f387a95bcea3f47af91eede293cd90) Importer(815301076,1909f56bfc062723c751e8b465ee728b)  -> (artifact id: '90da70b3a982e5e1ffe9b771f9670f90') in 0.105083 seconds
Number of updated asset objects reloaded before import = 0
Number of asset objects unloaded after import = 6
========================================================================
Received Import Request.
  Time since last request: 7.038473 seconds.
  path: Assets/2D/Sprites/CLIMBING_PLANT-Sheet.png
  artifactKey: Guid(b68453d6e7ee67342b729802fdf52e31) Importer(815301076,1909f56bfc062723c751e8b465ee728b)
Start importing Assets/2D/Sprites/CLIMBING_PLANT-Sheet.png using Guid(b68453d6e7ee67342b729802fdf52e31) Importer(815301076,1909f56bfc062723c751e8b465ee728b)  -> (artifact id: 'dcce37e1ecb869d4f3e79167bb8fafad') in 0.174545 seconds
Number of updated asset objects reloaded before import = 0
Number of asset objects unloaded after import = 31
========================================================================
Received Import Request.
  Time since last request: 0.000017 seconds.
  path: Assets/2D/Sprites/UI_water1.png
  artifactKey: Guid(d437350ba4e85da4d99782e7de220220) Importer(815301076,1909f56bfc062723c751e8b465ee728b)
Start importing Assets/2D/Sprites/UI_water1.png using Guid(d437350ba4e85da4d99782e7de220220) Importer(815301076,1909f56bfc062723c751e8b465ee728b)  -> (artifact id: '5f81f14d0f741168092b576a46e628f5') in 0.059769 seconds
Number of updated asset objects reloaded before import = 0
Number of asset objects unloaded after import = 3
========================================================================
Received Import Request.
  Time since last request: 0.000026 seconds.
  path: Assets/2D/Sprites/robotPlaceHolder.png
  artifactKey: Guid(3a3e1cd4956c4274aa3d30e1cb894254) Importer(815301076,1909f56bfc062723c751e8b465ee728b)
Start importing Assets/2D/Sprites/robotPlaceHolder.png using Guid(3a3e1cd4956c4274aa3d30e1cb894254) Importer(815301076,1909f56bfc062723c751e8b465ee728b)  -> (artifact id: '8b8a401aadf86929cb2ba489439b98b1') in 0.043364 seconds
Number of updated asset objects reloaded before import = 0
Number of asset objects unloaded after import = 3
========================================================================
Received Import Request.
  Time since last request: 0.000016 seconds.
  path: Assets/2D/Sprites/UI_button2 (1).png
  artifactKey: Guid(f877e81b8473a8c45bd95e1d5461e775) Importer(815301076,1909f56bfc062723c751e8b465ee728b)
Start importing Assets/2D/Sprites/UI_button2 (1).png using Guid(f877e81b8473a8c45bd95e1d5461e775) Importer(815301076,1909f56bfc062723c751e8b465ee728b)  -> (artifact id: '8de64f3bd7fb31b570689a447417bd2b') in 0.029791 seconds
Number of updated asset objects reloaded before import = 0
Number of asset objects unloaded after import = 3
========================================================================
Received Import Request.
  Time since last request: 0.000015 seconds.
  path: Assets/2D/Sprites/UI_water4.png
  artifactKey: Guid(57e048e0aa877114c99864a77fa4ad28) Importer(815301076,1909f56bfc062723c751e8b465ee728b)
Start importing Assets/2D/Sprites/UI_water4.png using Guid(57e048e0aa877114c99864a77fa4ad28) Importer(815301076,1909f56bfc062723c751e8b465ee728b)  -> (artifact id: '55720740207d090159d1676d100e8d86') in 0.029864 seconds
Number of updated asset objects reloaded before import = 0
Number of asset objects unloaded after import = 3
Editor requested this worker to shutdown with reason: Scaling down because of idle timeout
TcpMessagingSession - receive error: operation aborted. errorcode: 995, details: La operación de E/S se anuló por una salida de subproceso o por una solicitud de aplicación.
AssetImportWorker is now disconnected from the server
Process exiting
Exiting without the bug reporter. Application will terminate with return code 0