Using pre-set license
Built from '2022.3/staging' branch; Version is '2022.3.4f1 (35713cd46cd7) revision 3502396'; Using compiler version '192829333'; Build Type 'Release'
OS: 'Windows 10  (10.0.19045) 64bit CoreSingleLanguage' Language: 'es' Physical Memory: 8106 MB
BatchMode: 1, IsHumanControllingUs: 0, StartBugReporterOnCrash: 0, Is64bit: 1, IsPro: 1

COMMAND LINE ARGUMENTS:
C:\Program Files\Unity\Hub\Editor\2022.3.4f1\Editor\Unity.exe
-adb2
-batchMode
-noUpm
-name
AssetImportWorker52
-projectPath
C:/Users/josym/OneDrive/Escritorio/Plantscape-main/PlantscapeUnity
-logFile
Logs/AssetImportWorker52.log
-srvPort
51419
Successfully changed project path to: C:/Users/josym/OneDrive/Escritorio/Plantscape-main/PlantscapeUnity
C:/Users/josym/OneDrive/Escritorio/Plantscape-main/PlantscapeUnity
[UnityMemory] Configuration Parameters - Can be set up in boot.config
    "memorysetup-bucket-allocator-granularity=16"
    "memorysetup-bucket-allocator-bucket-count=8"
    "memorysetup-bucket-allocator-block-size=33554432"
    "memorysetup-bucket-allocator-block-count=8"
    "memorysetup-main-allocator-block-size=16777216"
    "memorysetup-thread-allocator-block-size=16777216"
    "memorysetup-gfx-main-allocator-block-size=16777216"
    "memorysetup-gfx-thread-allocator-block-size=16777216"
    "memorysetup-cache-allocator-block-size=4194304"
    "memorysetup-typetree-allocator-block-size=2097152"
    "memorysetup-profiler-bucket-allocator-granularity=16"
    "memorysetup-profiler-bucket-allocator-bucket-count=8"
    "memorysetup-profiler-bucket-allocator-block-size=33554432"
    "memorysetup-profiler-bucket-allocator-block-count=8"
    "memorysetup-profiler-allocator-block-size=16777216"
    "memorysetup-profiler-editor-allocator-block-size=1048576"
    "memorysetup-temp-allocator-size-main=16777216"
    "memorysetup-job-temp-allocator-block-size=2097152"
    "memorysetup-job-temp-allocator-block-size-background=1048576"
    "memorysetup-job-temp-allocator-reduction-small-platforms=262144"
    "memorysetup-allocator-temp-initial-block-size-main=262144"
    "memorysetup-allocator-temp-initial-block-size-worker=262144"
    "memorysetup-temp-allocator-size-background-worker=32768"
    "memorysetup-temp-allocator-size-job-worker=262144"
    "memorysetup-temp-allocator-size-preload-manager=33554432"
    "memorysetup-temp-allocator-size-nav-mesh-worker=65536"
    "memorysetup-temp-allocator-size-audio-worker=65536"
    "memorysetup-temp-allocator-size-cloud-worker=32768"
    "memorysetup-temp-allocator-size-gi-baking-worker=262144"
    "memorysetup-temp-allocator-size-gfx=262144"
Player connection [356] Host "[IP] 192.168.1.66 [Port] 0 [Flags] 2 [Guid] 1327933715 [EditorId] 1327933715 [Version] 1048832 [Id] WindowsEditor(7,DESKTOP-D2T5V84) [Debug] 1 [PackageName] WindowsEditor [ProjectName] Editor" joined multi-casting on [225.0.0.222:54997]...

Player connection [356] Host "[IP] 192.168.1.66 [Port] 0 [Flags] 2 [Guid] 1327933715 [EditorId] 1327933715 [Version] 1048832 [Id] WindowsEditor(7,DESKTOP-D2T5V84) [Debug] 1 [PackageName] WindowsEditor [ProjectName] Editor" joined alternative multi-casting on [225.0.0.222:34997]...

Refreshing native plugins compatible for Editor in 15.97 ms, found 4 plugins.
Preloading 0 native plugins for Editor in 0.00 ms.
Initialize engine version: 2022.3.4f1 (35713cd46cd7)
[Subsystems] Discovering subsystems at path C:/Program Files/Unity/Hub/Editor/2022.3.4f1/Editor/Data/Resources/UnitySubsystems
[Subsystems] Discovering subsystems at path C:/Users/josym/OneDrive/Escritorio/Plantscape-main/PlantscapeUnity/Assets
GfxDevice: creating device client; threaded=0; jobified=0
Direct3D:
    Version:  Direct3D 11.0 [level 11.1]
    Renderer: Intel(R) HD Graphics (ID=0x402)
    Vendor:   Intel
    VRAM:     2048 MB
    Driver:   20.19.15.5070
Initialize mono
Mono path[0] = 'C:/Program Files/Unity/Hub/Editor/2022.3.4f1/Editor/Data/Managed'
Mono path[1] = 'C:/Program Files/Unity/Hub/Editor/2022.3.4f1/Editor/Data/MonoBleedingEdge/lib/mono/unityjit-win32'
Mono config path = 'C:/Program Files/Unity/Hub/Editor/2022.3.4f1/Editor/Data/MonoBleedingEdge/etc'
Using monoOptions --debugger-agent=transport=dt_socket,embedding=1,server=y,suspend=n,address=127.0.0.1:56972
Begin MonoManager ReloadAssembly
Registering precompiled unity dll's ...
Register platform support module: C:/Program Files/Unity/Hub/Editor/2022.3.4f1/Editor/Data/PlaybackEngines/AndroidPlayer/UnityEditor.Android.Extensions.dll
Register platform support module: C:/Program Files/Unity/Hub/Editor/2022.3.4f1/Editor/Data/PlaybackEngines/iOSSupport/UnityEditor.iOS.Extensions.dll
Register platform support module: C:/Program Files/Unity/Hub/Editor/2022.3.4f1/Editor/Data/PlaybackEngines/WindowsStandaloneSupport/UnityEditor.WindowsStandalone.Extensions.dll
Registered in 0.035773 seconds.
- Loaded All Assemblies, in  0.681 seconds
Native extension for WindowsStandalone target not found
[usbmuxd] Start listen thread
[usbmuxd] Listen thread started
Native extension for iOS target not found
Native extension for Android target not found
Android Extension - Scanning For ADB Devices 2059 ms
Mono: successfully reloaded assembly
- Finished resetting the current domain, in  2.916 seconds
Domain Reload Profiling: 3595ms
	BeginReloadAssembly (221ms)
		ExecutionOrderSort (0ms)
		DisableScriptedObjects (0ms)
		BackupInstance (0ms)
		ReleaseScriptingObjects (0ms)
		CreateAndSetChildDomain (1ms)
	RebuildCommonClasses (70ms)
	RebuildNativeTypeToScriptingClass (15ms)
	initialDomainReloadingComplete (123ms)
	LoadAllAssembliesAndSetupDomain (250ms)
		LoadAssemblies (185ms)
		RebuildTransferFunctionScriptingTraits (0ms)
		AnalyzeDomain (239ms)
			TypeCache.Refresh (238ms)
				TypeCache.ScanAssembly (203ms)
			ScanForSourceGeneratedMonoScriptInfo (0ms)
			ResolveRequiredComponents (1ms)
	FinalizeReload (2917ms)
		ReleaseScriptCaches (0ms)
		RebuildScriptCaches (0ms)
		SetupLoadedEditorAssemblies (2839ms)
			LogAssemblyErrors (0ms)
			InitializePlatformSupportModulesInManaged (2337ms)
			SetLoadedEditorAssemblies (5ms)
			RefreshPlugins (0ms)
			BeforeProcessingInitializeOnLoad (3ms)
			ProcessInitializeOnLoadAttributes (302ms)
			ProcessInitializeOnLoadMethodAttributes (192ms)
			AfterProcessingInitializeOnLoad (0ms)
			EditorAssembliesLoaded (0ms)
		ExecutionOrderSort2 (0ms)
		AwakeInstancesAfterBackupRestoration (0ms)
========================================================================
Worker process is ready to serve import requests
Begin MonoManager ReloadAssembly
Symbol file LoadedFromMemory doesn't match image C:\Users\josym\OneDrive\Escritorio\Plantscape-main\PlantscapeUnity\Library\PackageCache\com.unity.visualscripting@1.8.0\Editor\VisualScripting.Core\Dependencies\YamlDotNet\Unity.VisualScripting.YamlDotNet.dll
Symbol file LoadedFromMemory doesn't match image C:\Users\josym\OneDrive\Escritorio\Plantscape-main\PlantscapeUnity\Library\PackageCache\com.unity.visualscripting@1.8.0\Editor\VisualScripting.Core\Dependencies\DotNetZip\Unity.VisualScripting.IonicZip.dll
- Loaded All Assemblies, in 57.935 seconds
Refreshing native plugins compatible for Editor in 2030.54 ms, found 4 plugins.
Native extension for WindowsStandalone target not found
Native extension for iOS target not found
Native extension for Android target not found
Mono: successfully reloaded assembly
- Finished resetting the current domain, in  9.476 seconds
Domain Reload Profiling: 67263ms
	BeginReloadAssembly (11166ms)
		ExecutionOrderSort (0ms)
		DisableScriptedObjects (187ms)
		BackupInstance (0ms)
		ReleaseScriptingObjects (0ms)
		CreateAndSetChildDomain (64ms)
	RebuildCommonClasses (45ms)
	RebuildNativeTypeToScriptingClass (14ms)
	initialDomainReloadingComplete (107ms)
	LoadAllAssembliesAndSetupDomain (46454ms)
		LoadAssemblies (49171ms)
		RebuildTransferFunctionScriptingTraits (0ms)
		AnalyzeDomain (7646ms)
			TypeCache.Refresh (7459ms)
				TypeCache.ScanAssembly (5454ms)
			ScanForSourceGeneratedMonoScriptInfo (180ms)
			ResolveRequiredComponents (6ms)
	FinalizeReload (9477ms)
		ReleaseScriptCaches (0ms)
		RebuildScriptCaches (0ms)
		SetupLoadedEditorAssemblies (8088ms)
			LogAssemblyErrors (0ms)
			InitializePlatformSupportModulesInManaged (894ms)
			SetLoadedEditorAssemblies (5ms)
			RefreshPlugins (0ms)
			BeforeProcessingInitializeOnLoad (490ms)
			ProcessInitializeOnLoadAttributes (4632ms)
			ProcessInitializeOnLoadMethodAttributes (2054ms)
			AfterProcessingInitializeOnLoad (13ms)
			EditorAssembliesLoaded (0ms)
		ExecutionOrderSort2 (0ms)
		AwakeInstancesAfterBackupRestoration (96ms)
Failed to load shader (instanceID 424, GUID 2df96b66b5510f94b98df2ac6f926ef4)
Failed to load shader (instanceID 434, GUID 7cbb3655339ec401ca75ba5fe26884f4)
Failed to load shader (instanceID 416, GUID c8b6a681c7b4e2e4785ffab093907f9e)
Failed to load shader (instanceID 406, GUID 61e53729ad706d049b12a441f328fe34)
Failed to load shader (instanceID 414, GUID 36e335017ad71d54fbb10842863188ae)
Failed to load shader (instanceID 436, GUID bedd19944f451ba4d83e7ed69be98d5c)
Failed to load shader (instanceID 412, GUID 50b406436c6214c49aaaa6011b71dde8)
Failed to load shader (instanceID 410, GUID 4386e57b23a56004c93e1d57d2bbcb4f)
Failed to load shader (instanceID 432, GUID 3230fdc399f8287488325e5941a00527)
Failed to load shader (instanceID 408, GUID a16365e8c873daa4c94919438490b905)
Failed to load shader (instanceID 418, GUID 5caf62d8bd7c44596ace77ef9eb8ea31)
Failed to load shader (instanceID 422, GUID 19dfbb09098c9584a83c956fbd6c5d79)
Failed to load shader (instanceID 430, GUID 603d454d711fe784cba9ce08dd22b881)
Failed to load shader (instanceID 420, GUID da07703fcc09f8d4799221050659bd55)
Failed to load shader (instanceID 428, GUID 0a8f4dcd626bcd14bbbfa5a5e116b16e)
Launched and connected shader compiler UnityShaderCompiler.exe after 2.59 seconds
Refreshing native plugins compatible for Editor in 3403.06 ms, found 4 plugins.
Preloading 0 native plugins for Editor in 0.00 ms.
Unloading 3151 Unused Serialized files (Serialized files now loaded: 0)
Unloading 37 unused Assets / (59.5 KB). Loaded Objects now: 3625.
Memory consumption went from 135.4 MB to 135.4 MB.
Total: 65.387300 ms (FindLiveObjects: 0.295500 ms CreateObjectMapping: 0.157500 ms MarkObjects: 64.359900 ms  DeleteObjects: 0.572800 ms)

AssetImportParameters requested are different than current active one (requested -> active):
  custom:container-demuxer-ogg: 62fdf1f143b41e24485cea50d1cbac27 -> 
  custom:video-decoder-ogg-theora: a1e56fd34408186e4bbccfd4996cb3dc -> 
  custom:framework-win-MediaFoundation: 216162199b28c13a410421893ffa2e32 -> 
  custom:CustomObjectIndexerAttribute: 756ad292c208cfabdd7b50bc23989ffe -> 
  custom:container-demuxer-webm: 4f35f7cbe854078d1ac9338744f61a02 -> 
  custom:container-muxer-webm: aa71ff27fc2769a1b78a27578f13a17b -> 
  custom:video-decoder-webm-vp8: 9c59270c3fd7afecdb556c50c9e8de78 -> 
  custom:AudioImporter_EditorPlatform: d09bf68614088b80899f8185d706f6e7 -> 
  custom:video-encoder-webm-vp8: eb34c28f22e8b96e1ab97ce403110664 -> 
  custom:audio-decoder-ogg-vorbis: bf7c407c2cedff20999df2af8eb42d56 -> 
  custom:audio-encoder-webm-vorbis: bf7c407c2cedff20999df2af8eb42d56 -> 
========================================================================
Received Import Request.
  Time since last request: 17062.870347 seconds.
  path: Assets/Scripts/InteractionSystem/WaterBottle.cs
  artifactKey: Guid(045a2eb0d4d67e243944831c4db3bce1) Importer(815301076,1909f56bfc062723c751e8b465ee728b)
Start importing Assets/Scripts/InteractionSystem/WaterBottle.cs using Guid(045a2eb0d4d67e243944831c4db3bce1) Importer(815301076,1909f56bfc062723c751e8b465ee728b)  -> (artifact id: '38e5de8f9105257ede156efa84acec66') in 0.002573 seconds
Number of updated asset objects reloaded before import = 0
Number of asset objects unloaded after import = 0
========================================================================
Received Import Request.
  Time since last request: 40.881831 seconds.
  path: Assets/Scripts/DialogueManager.cs
  artifactKey: Guid(f49d0a8ff6a6be9459ac0d5b030c752e) Importer(815301076,1909f56bfc062723c751e8b465ee728b)
Start importing Assets/Scripts/DialogueManager.cs using Guid(f49d0a8ff6a6be9459ac0d5b030c752e) Importer(815301076,1909f56bfc062723c751e8b465ee728b)  -> (artifact id: '4bebe3cb4bb5818fd4053a3e6828e60a') in 0.266815 seconds
Number of updated asset objects reloaded before import = 0
Number of asset objects unloaded after import = 0
========================================================================
Received Import Request.
  Time since last request: 33.064148 seconds.
  path: Assets/Scripts/MySceneManager.cs
  artifactKey: Guid(a03e27e0a2eb5c34c99e3c4cfd5ea612) Importer(815301076,1909f56bfc062723c751e8b465ee728b)
Start importing Assets/Scripts/MySceneManager.cs using Guid(a03e27e0a2eb5c34c99e3c4cfd5ea612) Importer(815301076,1909f56bfc062723c751e8b465ee728b)  -> (artifact id: '7c50eae8287f112d22608e65a16e982d') in 0.001279 seconds
Number of updated asset objects reloaded before import = 0
Number of asset objects unloaded after import = 0
========================================================================
Received Import Request.
  Time since last request: 7.473241 seconds.
  path: Assets/Scripts/MapRotation.cs
  artifactKey: Guid(1850a50226cd4d84e9362aacefac5630) Importer(815301076,1909f56bfc062723c751e8b465ee728b)
Start importing Assets/Scripts/MapRotation.cs using Guid(1850a50226cd4d84e9362aacefac5630) Importer(815301076,1909f56bfc062723c751e8b465ee728b)  -> (artifact id: '9cbabc4d8580ef50c458ff06b4a72e14') in 0.000652 seconds
Number of updated asset objects reloaded before import = 0
Number of asset objects unloaded after import = 0
========================================================================
Received Import Request.
  Time since last request: 4.079011 seconds.
  path: Assets/Scripts/TopDownController.cs
  artifactKey: Guid(8feafcd666b4aff43a5003b63af8fbca) Importer(815301076,1909f56bfc062723c751e8b465ee728b)
Start importing Assets/Scripts/TopDownController.cs using Guid(8feafcd666b4aff43a5003b63af8fbca) Importer(815301076,1909f56bfc062723c751e8b465ee728b)  -> (artifact id: 'd48d607dfa238d938c9592fae40c628e') in 0.000729 seconds
Number of updated asset objects reloaded before import = 0
Number of asset objects unloaded after import = 0
========================================================================
Received Import Request.
  Time since last request: 11.199600 seconds.
  path: Assets/Scripts/Player.cs
  artifactKey: Guid(63d31011788cd3e4d9c75305e42a8108) Importer(815301076,1909f56bfc062723c751e8b465ee728b)
Start importing Assets/Scripts/Player.cs using Guid(63d31011788cd3e4d9c75305e42a8108) Importer(815301076,1909f56bfc062723c751e8b465ee728b)  -> (artifact id: '04c4ed65250d5666a2b3b90bf845b90c') in 0.003495 seconds
Number of updated asset objects reloaded before import = 0
Number of asset objects unloaded after import = 0
========================================================================
Received Import Request.
  Time since last request: 7.287384 seconds.
  path: Assets/Scripts/CameraMovement.cs
  artifactKey: Guid(dadc6ae1f94b941408d4b8b5332cb8fa) Importer(815301076,1909f56bfc062723c751e8b465ee728b)
Start importing Assets/Scripts/CameraMovement.cs using Guid(dadc6ae1f94b941408d4b8b5332cb8fa) Importer(815301076,1909f56bfc062723c751e8b465ee728b)  -> (artifact id: '530f709047131628e622bb7176606fca') in 0.005761 seconds
Number of updated asset objects reloaded before import = 0
Number of asset objects unloaded after import = 0
========================================================================
Received Import Request.
  Time since last request: 6.286650 seconds.
  path: Assets/Scripts/Character.cs
  artifactKey: Guid(470fa8d426382bc4f9eb1440c8e5e6ea) Importer(815301076,1909f56bfc062723c751e8b465ee728b)
Start importing Assets/Scripts/Character.cs using Guid(470fa8d426382bc4f9eb1440c8e5e6ea) Importer(815301076,1909f56bfc062723c751e8b465ee728b)  -> (artifact id: '00a932a427b14e1274835bcfc651b851') in 0.000622 seconds
Number of updated asset objects reloaded before import = 0
Number of asset objects unloaded after import = 0
========================================================================
Received Import Request.
  Time since last request: 31.643393 seconds.
  path: Assets/Scripts/InteractionSystem
  artifactKey: Guid(0e050841d8d17a740832d7c008b3244c) Importer(815301076,1909f56bfc062723c751e8b465ee728b)
Start importing Assets/Scripts/InteractionSystem using Guid(0e050841d8d17a740832d7c008b3244c) Importer(815301076,1909f56bfc062723c751e8b465ee728b)  -> (artifact id: 'ff26e9ad46f6de0110d7224fc73e7f80') in 0.000626 seconds
Number of updated asset objects reloaded before import = 0
Number of asset objects unloaded after import = 0
========================================================================
Received Import Request.
  Time since last request: 3.883595 seconds.
  path: Assets/Scripts/InteractionSystem/AguaPozo.cs
  artifactKey: Guid(e9988d4175f9d8044ad05b4ddf439f99) Importer(815301076,1909f56bfc062723c751e8b465ee728b)
Start importing Assets/Scripts/InteractionSystem/AguaPozo.cs using Guid(e9988d4175f9d8044ad05b4ddf439f99) Importer(815301076,1909f56bfc062723c751e8b465ee728b)  -> (artifact id: 'dafce4610d4ed29c236bc3683db61d7c') in 0.001878 seconds
Number of updated asset objects reloaded before import = 0
Number of asset objects unloaded after import = 0
========================================================================
Received Import Request.
  Time since last request: 1.203291 seconds.
  path: Assets/Scripts/InteractionSystem/AreaContaminada.cs
  artifactKey: Guid(fd2caf2d0cbe3bc49957e9c88223778e) Importer(815301076,1909f56bfc062723c751e8b465ee728b)
Start importing Assets/Scripts/InteractionSystem/AreaContaminada.cs using Guid(fd2caf2d0cbe3bc49957e9c88223778e) Importer(815301076,1909f56bfc062723c751e8b465ee728b)  -> (artifact id: '479b8bcce634cd0e866f45114a9458f5') in 0.000788 seconds
Number of updated asset objects reloaded before import = 0
Number of asset objects unloaded after import = 0
========================================================================
Received Import Request.
  Time since last request: 65.631040 seconds.
  path: Assets/sound
  artifactKey: Guid(4b5a7f2c7b0ad91458865b6ecf079176) Importer(815301076,1909f56bfc062723c751e8b465ee728b)
Start importing Assets/sound using Guid(4b5a7f2c7b0ad91458865b6ecf079176) Importer(815301076,1909f56bfc062723c751e8b465ee728b)  -> (artifact id: 'ac53e4d782e16657c0471caa95ef97a5') in 0.002099 seconds
Number of updated asset objects reloaded before import = 0
Number of asset objects unloaded after import = 0
========================================================================
Received Import Request.
  Time since last request: 12.143153 seconds.
  path: Assets/music
  artifactKey: Guid(033d9f76cb6f338408f61144ffe1cdd5) Importer(815301076,1909f56bfc062723c751e8b465ee728b)
Start importing Assets/music using Guid(033d9f76cb6f338408f61144ffe1cdd5) Importer(815301076,1909f56bfc062723c751e8b465ee728b)  -> (artifact id: 'dacb898497206fa010157d4fc50d69ff') in 0.011584 seconds
Number of updated asset objects reloaded before import = 0
Number of asset objects unloaded after import = 0
========================================================================
Received Import Request.
  Time since last request: 54.391773 seconds.
  path: Assets/sound/emptyWaterSound.mp3
  artifactKey: Guid(87340bc7c785982488034e4e2c8edfe4) Importer(815301076,1909f56bfc062723c751e8b465ee728b)
Start importing Assets/sound/emptyWaterSound.mp3 using Guid(87340bc7c785982488034e4e2c8edfe4) Importer(815301076,1909f56bfc062723c751e8b465ee728b)  -> (artifact id: 'ec9bf3a7e4cf195a1b0a5d87ebefc508') in 46.472223 seconds
Number of updated asset objects reloaded before import = 0
Number of asset objects unloaded after import = 2
========================================================================
Received Import Request.
  Time since last request: 374.971053 seconds.
  path: Assets/sound/sembrar.mp3
  artifactKey: Guid(ef8ab947e126b08428549536446ff501) Importer(815301076,1909f56bfc062723c751e8b465ee728b)
Start importing Assets/sound/sembrar.mp3 using Guid(ef8ab947e126b08428549536446ff501) Importer(815301076,1909f56bfc062723c751e8b465ee728b)  -> (artifact id: '16ccde69aa811671b65a512aac4de3f4') in 0.209515 seconds
Number of updated asset objects reloaded before import = 0
Number of asset objects unloaded after import = 2
========================================================================
Received Import Request.
  Time since last request: 9.045719 seconds.
  path: Assets/sound/saltar.mp3
  artifactKey: Guid(bcfe408582694a44592a7e0e158f15e6) Importer(815301076,1909f56bfc062723c751e8b465ee728b)
Start importing Assets/sound/saltar.mp3 using Guid(bcfe408582694a44592a7e0e158f15e6) Importer(815301076,1909f56bfc062723c751e8b465ee728b)  -> (artifact id: '048a2f22859ccc9f6c1daf807ef653f3') in 2.223837 seconds
Number of updated asset objects reloaded before import = 0
Number of asset objects unloaded after import = 2
========================================================================
Received Import Request.
  Time since last request: 4.442462 seconds.
  path: Assets/sound/puerta.mp3
  artifactKey: Guid(15a1001c12f0c0a4bb3b06ca2c4c59ae) Importer(815301076,1909f56bfc062723c751e8b465ee728b)
Start importing Assets/sound/puerta.mp3 using Guid(15a1001c12f0c0a4bb3b06ca2c4c59ae) Importer(815301076,1909f56bfc062723c751e8b465ee728b)  -> (artifact id: '653d6a8efa6e13ecb3b7c61131001dd2') in 0.740642 seconds
Number of updated asset objects reloaded before import = 0
Number of asset objects unloaded after import = 2
========================================================================
Received Import Request.
  Time since last request: 3.563065 seconds.
  path: Assets/sound/planta sonido al hablar.mp3
  artifactKey: Guid(6dc797cdf72cce549ae3f06cfdeca80c) Importer(815301076,1909f56bfc062723c751e8b465ee728b)
Start importing Assets/sound/planta sonido al hablar.mp3 using Guid(6dc797cdf72cce549ae3f06cfdeca80c) Importer(815301076,1909f56bfc062723c751e8b465ee728b)  -> (artifact id: '601cad36bc01d421ea640576fce587d5') in 1.037966 seconds
Number of updated asset objects reloaded before import = 0
Number of asset objects unloaded after import = 2
========================================================================
Received Import Request.
  Time since last request: 4.215598 seconds.
  path: Assets/sound/planta refrescante.mp3
  artifactKey: Guid(310dd5834786e1549911e992d4edac3d) Importer(815301076,1909f56bfc062723c751e8b465ee728b)
Start importing Assets/sound/planta refrescante.mp3 using Guid(310dd5834786e1549911e992d4edac3d) Importer(815301076,1909f56bfc062723c751e8b465ee728b)  -> (artifact id: 'a782ef010cad2457b7ef111582428bb1') in 4.208884 seconds
Number of updated asset objects reloaded before import = 0
Number of asset objects unloaded after import = 2
========================================================================
Received Import Request.
  Time since last request: 0.000034 seconds.
  path: Assets/sound/planta refrescante.mp3
  artifactKey: Guid(310dd5834786e1549911e992d4edac3d) Importer(815301076,1909f56bfc062723c751e8b465ee728b)
Start importing Assets/sound/planta refrescante.mp3 using Guid(310dd5834786e1549911e992d4edac3d) Importer(815301076,1909f56bfc062723c751e8b465ee728b)  -> (artifact id: 'a782ef010cad2457b7ef111582428bb1') in 0.225733 seconds
Number of updated asset objects reloaded before import = 0
Number of asset objects unloaded after import = 2
========================================================================
Received Import Request.
  Time since last request: 2.867623 seconds.
  path: Assets/sound/no puedes acceder.mp3
  artifactKey: Guid(119d865841d672b47b3a14ac0dbcecf6) Importer(815301076,1909f56bfc062723c751e8b465ee728b)
Start importing Assets/sound/no puedes acceder.mp3 using Guid(119d865841d672b47b3a14ac0dbcecf6) Importer(815301076,1909f56bfc062723c751e8b465ee728b)  -> (artifact id: '9936ae04428b2ff49509385c28146e0d') in 1.895300 seconds
Number of updated asset objects reloaded before import = 0
Number of asset objects unloaded after import = 2
========================================================================
Received Import Request.
  Time since last request: 8.251447 seconds.
  path: Assets/sound/sin oxigeno.mp3
  artifactKey: Guid(2c9dd12960e95014d854fe8d76c22e7f) Importer(815301076,1909f56bfc062723c751e8b465ee728b)
Start importing Assets/sound/sin oxigeno.mp3 using Guid(2c9dd12960e95014d854fe8d76c22e7f) Importer(815301076,1909f56bfc062723c751e8b465ee728b)  -> (artifact id: '1cb66b77356ed883509689b30d59c472') in 0.154742 seconds
Number of updated asset objects reloaded before import = 0
Number of asset objects unloaded after import = 2
========================================================================
Received Import Request.
  Time since last request: 3.975356 seconds.
  path: Assets/sound/nivel oscuro.mp3
  artifactKey: Guid(f27e7a05c64ee4a41ab243c04d22e5fa) Importer(815301076,1909f56bfc062723c751e8b465ee728b)
Start importing Assets/sound/nivel oscuro.mp3 using Guid(f27e7a05c64ee4a41ab243c04d22e5fa) Importer(815301076,1909f56bfc062723c751e8b465ee728b)  -> (artifact id: '0ed46b2597098a372ed5dc1d63e2c7b0') in 1.045376 seconds
Number of updated asset objects reloaded before import = 0
Number of asset objects unloaded after import = 2
========================================================================
Received Import Request.
  Time since last request: 0.159657 seconds.
  path: Assets/sound/nivel inundado.mp3
  artifactKey: Guid(55d9fb183e8d2eb44b8bbb02d12fee82) Importer(815301076,1909f56bfc062723c751e8b465ee728b)
Start importing Assets/sound/nivel inundado.mp3 using Guid(55d9fb183e8d2eb44b8bbb02d12fee82) Importer(815301076,1909f56bfc062723c751e8b465ee728b)  -> (artifact id: '4109b8b96207302135c3d6297c151f9c') in 0.386848 seconds
Number of updated asset objects reloaded before import = 0
Number of asset objects unloaded after import = 2
========================================================================
Received Import Request.
  Time since last request: 5.190108 seconds.
  path: Assets/sound/mision cumplida o logro.mp3
  artifactKey: Guid(2c6afb000c2d6364fa23393d2278a657) Importer(815301076,1909f56bfc062723c751e8b465ee728b)
Start importing Assets/sound/mision cumplida o logro.mp3 using Guid(2c6afb000c2d6364fa23393d2278a657) Importer(815301076,1909f56bfc062723c751e8b465ee728b)  -> (artifact id: 'cd101a0cd820849d4761332a1c1c7e28') in 0.027534 seconds
Number of updated asset objects reloaded before import = 0
Number of asset objects unloaded after import = 2
========================================================================
Received Import Request.
  Time since last request: 2.281301 seconds.
  path: Assets/sound/invernadero.mp3
  artifactKey: Guid(3728d2efe4fec23489f47d08649ada57) Importer(815301076,1909f56bfc062723c751e8b465ee728b)
Start importing Assets/sound/invernadero.mp3 using Guid(3728d2efe4fec23489f47d08649ada57) Importer(815301076,1909f56bfc062723c751e8b465ee728b)  -> (artifact id: '299b7b6b650fbbc1242cb8c927bc2646') in 1.166190 seconds
Number of updated asset objects reloaded before import = 0
Number of asset objects unloaded after import = 2
========================================================================
Received Import Request.
  Time since last request: 6.412753 seconds.
  path: Assets/sound/game Over.mp3
  artifactKey: Guid(d9da5e13191b9ce4cb6044ec2a926965) Importer(815301076,1909f56bfc062723c751e8b465ee728b)
Start importing Assets/sound/game Over.mp3 using Guid(d9da5e13191b9ce4cb6044ec2a926965) Importer(815301076,1909f56bfc062723c751e8b465ee728b)  -> (artifact id: 'c35c8ec618d9e17a4334dd96843d8ca8') in 0.034029 seconds
Number of updated asset objects reloaded before import = 0
Number of asset objects unloaded after import = 2
========================================================================
Received Import Request.
  Time since last request: 6.013566 seconds.
  path: Assets/sound/columpiar.mp3
  artifactKey: Guid(86a3dc60da3d8eb408a76258341b78d7) Importer(815301076,1909f56bfc062723c751e8b465ee728b)
Start importing Assets/sound/columpiar.mp3 using Guid(86a3dc60da3d8eb408a76258341b78d7) Importer(815301076,1909f56bfc062723c751e8b465ee728b)  -> (artifact id: '9f7f8bb35bf2f15d1fc123abd588e7f0') in 0.018386 seconds
Number of updated asset objects reloaded before import = 0
Number of asset objects unloaded after import = 2
========================================================================
Received Import Request.
  Time since last request: 3.802143 seconds.
  path: Assets/sound/caminar en nivel oscuro_correr.mp3
  artifactKey: Guid(c04275e71e1707246b93ea15f399486d) Importer(815301076,1909f56bfc062723c751e8b465ee728b)
Start importing Assets/sound/caminar en nivel oscuro_correr.mp3 using Guid(c04275e71e1707246b93ea15f399486d) Importer(815301076,1909f56bfc062723c751e8b465ee728b)  -> (artifact id: '23cdbad52a02ac8d34a8c44181d59091') in 0.436767 seconds
Number of updated asset objects reloaded before import = 0
Number of asset objects unloaded after import = 2
========================================================================
Received Import Request.
  Time since last request: 3.854589 seconds.
  path: Assets/sound/calor.mp3
  artifactKey: Guid(18ee95013164fb440b9e4e673218ba0b) Importer(815301076,1909f56bfc062723c751e8b465ee728b)
Start importing Assets/sound/calor.mp3 using Guid(18ee95013164fb440b9e4e673218ba0b) Importer(815301076,1909f56bfc062723c751e8b465ee728b)  -> (artifact id: 'e982776fe42a9cfdad7758ea9b37c66a') in 4.084434 seconds
Number of updated asset objects reloaded before import = 0
Number of asset objects unloaded after import = 2
========================================================================
Received Import Request.
  Time since last request: 10.245645 seconds.
  path: Assets/sound/gateo.mp3
  artifactKey: Guid(2343a0c65e3b00942b7c86d85ad60c3a) Importer(815301076,1909f56bfc062723c751e8b465ee728b)
Start importing Assets/sound/gateo.mp3 using Guid(2343a0c65e3b00942b7c86d85ad60c3a) Importer(815301076,1909f56bfc062723c751e8b465ee728b)  -> (artifact id: '1ed665e8b4f1291e7abcb7507e00573f') in 0.131918 seconds
Number of updated asset objects reloaded before import = 0
Number of asset objects unloaded after import = 2
========================================================================
Received Import Request.
  Time since last request: 2.573865 seconds.
  path: Assets/sound/bajar enredadera.mp3
  artifactKey: Guid(fb96570e165224a44b5b51292f35548e) Importer(815301076,1909f56bfc062723c751e8b465ee728b)
Start importing Assets/sound/bajar enredadera.mp3 using Guid(fb96570e165224a44b5b51292f35548e) Importer(815301076,1909f56bfc062723c751e8b465ee728b)  -> (artifact id: '24f3f04f2f59b5185811e8da0bb750b4') in 0.204713 seconds
Number of updated asset objects reloaded before import = 0
Number of asset objects unloaded after import = 2
========================================================================
Received Import Request.
  Time since last request: 2.333181 seconds.
  path: Assets/sound/comer gato.mp3
  artifactKey: Guid(897549cbd13a5a045a9bd99093491080) Importer(815301076,1909f56bfc062723c751e8b465ee728b)
Start importing Assets/sound/comer gato.mp3 using Guid(897549cbd13a5a045a9bd99093491080) Importer(815301076,1909f56bfc062723c751e8b465ee728b)  -> (artifact id: 'ac615fe8e8a47cb3df77d85f56272165') in 0.305235 seconds
Number of updated asset objects reloaded before import = 0
Number of asset objects unloaded after import = 2
========================================================================
Received Import Request.
  Time since last request: 7.096024 seconds.
  path: Assets/sound/llave.mp3
  artifactKey: Guid(9ab7a5ce57ad3e949be09029e2588595) Importer(815301076,1909f56bfc062723c751e8b465ee728b)
Start importing Assets/sound/llave.mp3 using Guid(9ab7a5ce57ad3e949be09029e2588595) Importer(815301076,1909f56bfc062723c751e8b465ee728b)  -> (artifact id: '10e57aaf776d67ec9c82d30a65bff51f') in 0.281461 seconds
Number of updated asset objects reloaded before import = 0
Number of asset objects unloaded after import = 2
========================================================================
Received Import Request.
  Time since last request: 54.196301 seconds.
  path: Assets/sound/sotano.mp3
  artifactKey: Guid(9a56b7884fc6c8349b5fbed3d5c544a7) Importer(815301076,1909f56bfc062723c751e8b465ee728b)
Start importing Assets/sound/sotano.mp3 using Guid(9a56b7884fc6c8349b5fbed3d5c544a7) Importer(815301076,1909f56bfc062723c751e8b465ee728b)  -> (artifact id: 'be9535838cf4c965e468154494bad0cf') in 0.469047 seconds
Number of updated asset objects reloaded before import = 0
Number of asset objects unloaded after import = 2
========================================================================
Received Import Request.
  Time since last request: 3.699684 seconds.
  path: Assets/sound/planta luz.mp3
  artifactKey: Guid(f3f260de32c794f4b9b6d2de80affc5a) Importer(815301076,1909f56bfc062723c751e8b465ee728b)
Start importing Assets/sound/planta luz.mp3 using Guid(f3f260de32c794f4b9b6d2de80affc5a) Importer(815301076,1909f56bfc062723c751e8b465ee728b)  -> (artifact id: '72f78c7879480069c13e1c555048d750') in 0.119500 seconds
Number of updated asset objects reloaded before import = 0
Number of asset objects unloaded after import = 2
========================================================================
Received Import Request.
  Time since last request: 2.359191 seconds.
  path: Assets/sound/nadar.mp3
  artifactKey: Guid(0f19862b3b46d534ba4d703ec66cb6d9) Importer(815301076,1909f56bfc062723c751e8b465ee728b)
Start importing Assets/sound/nadar.mp3 using Guid(0f19862b3b46d534ba4d703ec66cb6d9) Importer(815301076,1909f56bfc062723c751e8b465ee728b)  -> (artifact id: '98740d3f8faea7106126d05b95d67820') in 0.112393 seconds
Number of updated asset objects reloaded before import = 0
Number of asset objects unloaded after import = 2
========================================================================
Received Import Request.
  Time since last request: 6.215469 seconds.
  path: Assets/sound/plantavida.mp3
  artifactKey: Guid(5b7cb3ef5b8db3c4da3cc5904d9ae166) Importer(815301076,1909f56bfc062723c751e8b465ee728b)
Start importing Assets/sound/plantavida.mp3 using Guid(5b7cb3ef5b8db3c4da3cc5904d9ae166) Importer(815301076,1909f56bfc062723c751e8b465ee728b)  -> (artifact id: '962f15be10e26cd48508091a03f5eb5f') in 0.042416 seconds
Number of updated asset objects reloaded before import = 0
Number of asset objects unloaded after import = 2
========================================================================
Received Import Request.
  Time since last request: 50.788342 seconds.
  path: Assets/Scripts
  artifactKey: Guid(3c1fe34eeaadf4e45a1bd011ac2b0260) Importer(815301076,1909f56bfc062723c751e8b465ee728b)
Start importing Assets/Scripts using Guid(3c1fe34eeaadf4e45a1bd011ac2b0260) Importer(815301076,1909f56bfc062723c751e8b465ee728b)  -> (artifact id: 'bfdc7726b7e61aa18c3de8a558e588e3') in 0.002154 seconds
Number of updated asset objects reloaded before import = 0
Number of asset objects unloaded after import = 0
========================================================================
Received Import Request.
  Time since last request: 22.856086 seconds.
  path: Assets/Scripts/InteractionSystem/SetUpRoomNote.cs
  artifactKey: Guid(c722358581329ed4fa149842768f7ced) Importer(815301076,1909f56bfc062723c751e8b465ee728b)
Start importing Assets/Scripts/InteractionSystem/SetUpRoomNote.cs using Guid(c722358581329ed4fa149842768f7ced) Importer(815301076,1909f56bfc062723c751e8b465ee728b)  -> (artifact id: '0850e99a8bf5ce1faa6c38df2e2ca926') in 0.001268 seconds
Number of updated asset objects reloaded before import = 0
Number of asset objects unloaded after import = 0
========================================================================
Received Import Request.
  Time since last request: 57.281966 seconds.
  path: Assets/music/set room.mp3
  artifactKey: Guid(e622c35c4bd899d42a138578aff3a130) Importer(815301076,1909f56bfc062723c751e8b465ee728b)
Start importing Assets/music/set room.mp3 using Guid(e622c35c4bd899d42a138578aff3a130) Importer(815301076,1909f56bfc062723c751e8b465ee728b)  -> (artifact id: 'bc57fe8c55fff82d9fd8f70781cbc54e') in 0.063493 seconds
Number of updated asset objects reloaded before import = 0
Number of asset objects unloaded after import = 2
========================================================================
Received Import Request.
  Time since last request: 11.957406 seconds.
  path: Assets/music/setRoom.mp3
  artifactKey: Guid(e622c35c4bd899d42a138578aff3a130) Importer(815301076,1909f56bfc062723c751e8b465ee728b)
Start importing Assets/music/setRoom.mp3 using Guid(e622c35c4bd899d42a138578aff3a130) Importer(815301076,1909f56bfc062723c751e8b465ee728b)  -> (artifact id: '17d6e6abd2e258005f21bf8b017db52b') in 0.192253 seconds
Number of updated asset objects reloaded before import = 0
Number of asset objects unloaded after import = 2
========================================================================
Received Import Request.
  Time since last request: 449.002705 seconds.
  path: Assets/sound/sonidoTriunfal.mp3
  artifactKey: Guid(816be796c68d82f46844625ef21d1d89) Importer(815301076,1909f56bfc062723c751e8b465ee728b)
Start importing Assets/sound/sonidoTriunfal.mp3 using Guid(816be796c68d82f46844625ef21d1d89) Importer(815301076,1909f56bfc062723c751e8b465ee728b)  -> (artifact id: '9d9b4f14fbfc8479845de7cec6ce194e') in 0.070448 seconds
Number of updated asset objects reloaded before import = 0
Number of asset objects unloaded after import = 2
========================================================================
Received Import Request.
  Time since last request: 174.169416 seconds.
  path: Assets/Scripts/AudioManager.cs
  artifactKey: Guid(2be7cdcf5b654cc4a90facaba57f0441) Importer(815301076,1909f56bfc062723c751e8b465ee728b)
Start importing Assets/Scripts/AudioManager.cs using Guid(2be7cdcf5b654cc4a90facaba57f0441) Importer(815301076,1909f56bfc062723c751e8b465ee728b)  -> (artifact id: 'ae95a69a2072fcc166028a0c93dbde12') in 0.001884 seconds
Number of updated asset objects reloaded before import = 0
Number of asset objects unloaded after import = 0
========================================================================
Received Import Request.
  Time since last request: 120.404564 seconds.
  path: Assets/Scripts/AudioManager.cs
  artifactKey: Guid(2be7cdcf5b654cc4a90facaba57f0441) Importer(815301076,1909f56bfc062723c751e8b465ee728b)
Start importing Assets/Scripts/AudioManager.cs using Guid(2be7cdcf5b654cc4a90facaba57f0441) Importer(815301076,1909f56bfc062723c751e8b465ee728b)  -> (artifact id: '0d3a0d8c0f64d4c5627cafd6829b5830') in 0.001255 seconds
Number of updated asset objects reloaded before import = 0
Number of asset objects unloaded after import = 0
========================================================================
Received Import Request.
  Time since last request: 354.897292 seconds.
  path: Assets/Scripts/InteractionSystem/Transportador.cs
  artifactKey: Guid(2607aeccb4b995346aef552afee52d3b) Importer(815301076,1909f56bfc062723c751e8b465ee728b)
Start importing Assets/Scripts/InteractionSystem/Transportador.cs using Guid(2607aeccb4b995346aef552afee52d3b) Importer(815301076,1909f56bfc062723c751e8b465ee728b)  -> (artifact id: '160f556af99ed4b641c8ff2f59079acf') in 0.001281 seconds
Number of updated asset objects reloaded before import = 0
Number of asset objects unloaded after import = 0
========================================================================
Received Import Request.
  Time since last request: 127.314874 seconds.
  path: Assets/Scripts/InteractionSystem/Timer.cs
  artifactKey: Guid(cbfc4b2ac5b86524581738392bd6e397) Importer(815301076,1909f56bfc062723c751e8b465ee728b)
Start importing Assets/Scripts/InteractionSystem/Timer.cs using Guid(cbfc4b2ac5b86524581738392bd6e397) Importer(815301076,1909f56bfc062723c751e8b465ee728b)  -> (artifact id: 'f6b8d0c445e9d039adf3ecdc850fefbc') in 0.003758 seconds
Number of updated asset objects reloaded before import = 0
Number of asset objects unloaded after import = 0
========================================================================
Received Import Request.
  Time since last request: 3.976023 seconds.
  path: Assets/Scripts/InteractionSystem/SlotTierra.cs
  artifactKey: Guid(2c6ffe163d0fd634cbf1b987c13584ab) Importer(815301076,1909f56bfc062723c751e8b465ee728b)
Start importing Assets/Scripts/InteractionSystem/SlotTierra.cs using Guid(2c6ffe163d0fd634cbf1b987c13584ab) Importer(815301076,1909f56bfc062723c751e8b465ee728b)  -> (artifact id: 'c871ea45e5af8e245eb717264ac865e9') in 0.000797 seconds
Number of updated asset objects reloaded before import = 0
Number of asset objects unloaded after import = 0
========================================================================
Received Import Request.
  Time since last request: 316.233935 seconds.
  path: Assets/Scripts/InteractionSystem/SlotTierra.cs
  artifactKey: Guid(2c6ffe163d0fd634cbf1b987c13584ab) Importer(815301076,1909f56bfc062723c751e8b465ee728b)
Start importing Assets/Scripts/InteractionSystem/SlotTierra.cs using Guid(2c6ffe163d0fd634cbf1b987c13584ab) Importer(815301076,1909f56bfc062723c751e8b465ee728b)  -> (artifact id: '872d738de8331c44b235de1db7cb498c') in 0.003792 seconds
Number of updated asset objects reloaded before import = 0
Number of asset objects unloaded after import = 0
========================================================================
Received Import Request.
  Time since last request: 69.858552 seconds.
  path: Assets/Scripts/InteractionSystem/SlotTierra.cs
  artifactKey: Guid(2c6ffe163d0fd634cbf1b987c13584ab) Importer(815301076,1909f56bfc062723c751e8b465ee728b)
Start importing Assets/Scripts/InteractionSystem/SlotTierra.cs using Guid(2c6ffe163d0fd634cbf1b987c13584ab) Importer(815301076,1909f56bfc062723c751e8b465ee728b)  -> (artifact id: 'a2dee609c6a889d13dd7949f92561e3a') in 0.000906 seconds
Number of updated asset objects reloaded before import = 0
Number of asset objects unloaded after import = 0
========================================================================
Received Import Request.
  Time since last request: 172.896362 seconds.
  path: Assets/sound/transportador.mp3
  artifactKey: Guid(dad9fbf4923945d4ba49850f15f6f29d) Importer(815301076,1909f56bfc062723c751e8b465ee728b)
Start importing Assets/sound/transportador.mp3 using Guid(dad9fbf4923945d4ba49850f15f6f29d) Importer(815301076,1909f56bfc062723c751e8b465ee728b)  -> (artifact id: '9bd09874bec226076169cee63c7a55ed') in 0.236442 seconds
Number of updated asset objects reloaded before import = 0
Number of asset objects unloaded after import = 2
========================================================================
Received Import Request.
  Time since last request: 140.566697 seconds.
  path: Assets/Scripts/InteractionSystem/Transportador.cs
  artifactKey: Guid(2607aeccb4b995346aef552afee52d3b) Importer(815301076,1909f56bfc062723c751e8b465ee728b)
Start importing Assets/Scripts/InteractionSystem/Transportador.cs using Guid(2607aeccb4b995346aef552afee52d3b) Importer(815301076,1909f56bfc062723c751e8b465ee728b)  -> (artifact id: '21273e19cd484a5b1772d27263aa7a10') in 0.000888 seconds
Number of updated asset objects reloaded before import = 0
Number of asset objects unloaded after import = 0
========================================================================
Received Import Request.
  Time since last request: 26.348916 seconds.
  path: Assets/Scripts/InteractionSystem/Seed.cs
  artifactKey: Guid(0d09ee1dfd9e9b6488b1f1b5af3d4f04) Importer(815301076,1909f56bfc062723c751e8b465ee728b)
Start importing Assets/Scripts/InteractionSystem/Seed.cs using Guid(0d09ee1dfd9e9b6488b1f1b5af3d4f04) Importer(815301076,1909f56bfc062723c751e8b465ee728b)  -> (artifact id: '120ab18e408f1c6d24bca4d686567930') in 0.001798 seconds
Number of updated asset objects reloaded before import = 0
Number of asset objects unloaded after import = 0
========================================================================
Received Import Request.
  Time since last request: 11.886195 seconds.
  path: Assets/Scripts/InteractionSystem/PlantaSetUpRoom.cs
  artifactKey: Guid(9a9e89cb0746202428141daa9ab3ec3b) Importer(815301076,1909f56bfc062723c751e8b465ee728b)
Start importing Assets/Scripts/InteractionSystem/PlantaSetUpRoom.cs using Guid(9a9e89cb0746202428141daa9ab3ec3b) Importer(815301076,1909f56bfc062723c751e8b465ee728b)  -> (artifact id: '7a430d84fe2c7862321bbe9b96089507') in 0.001267 seconds
Number of updated asset objects reloaded before import = 0
Number of asset objects unloaded after import = 0
========================================================================
Received Import Request.
  Time since last request: 261.683701 seconds.
  path: Assets/Scripts/InteractionSystem/agarrarPlanta.mp3
  artifactKey: Guid(9a8358f20b10e45449cd3e78a020d296) Importer(815301076,1909f56bfc062723c751e8b465ee728b)
Start importing Assets/Scripts/InteractionSystem/agarrarPlanta.mp3 using Guid(9a8358f20b10e45449cd3e78a020d296) Importer(815301076,1909f56bfc062723c751e8b465ee728b)  -> (artifact id: 'a1fff8d9328de66243a0d15e170248e4') in 2.695760 seconds
Number of updated asset objects reloaded before import = 0
Number of asset objects unloaded after import = 2
========================================================================
Received Import Request.
  Time since last request: 54.763276 seconds.
  path: Assets/Scripts/InteractionSystem/PlantaLista.cs
  artifactKey: Guid(0503452462d80d64bb01c6d3fb618db9) Importer(815301076,1909f56bfc062723c751e8b465ee728b)
Start importing Assets/Scripts/InteractionSystem/PlantaLista.cs using Guid(0503452462d80d64bb01c6d3fb618db9) Importer(815301076,1909f56bfc062723c751e8b465ee728b)  -> (artifact id: 'd17a62b5d3c96c6f46ad129ae1a8b9bb') in 0.002508 seconds
Number of updated asset objects reloaded before import = 0
Number of asset objects unloaded after import = 0
========================================================================
Received Import Request.
  Time since last request: 76.581082 seconds.
  path: Assets/Scripts/InteractionSystem/PlantaLista.cs
  artifactKey: Guid(0503452462d80d64bb01c6d3fb618db9) Importer(815301076,1909f56bfc062723c751e8b465ee728b)
Start importing Assets/Scripts/InteractionSystem/PlantaLista.cs using Guid(0503452462d80d64bb01c6d3fb618db9) Importer(815301076,1909f56bfc062723c751e8b465ee728b)  -> (artifact id: '2db7ad7a6af1532e2aa7a6f82439eb77') in 0.003682 seconds
Number of updated asset objects reloaded before import = 0
Number of asset objects unloaded after import = 0
========================================================================
Received Import Request.
  Time since last request: 7.890020 seconds.
  path: Assets/Scripts/InteractionSystem/PlantaEnredadera.cs
  artifactKey: Guid(a246b96af09b83c4096312a3f088a588) Importer(815301076,1909f56bfc062723c751e8b465ee728b)
Start importing Assets/Scripts/InteractionSystem/PlantaEnredadera.cs using Guid(a246b96af09b83c4096312a3f088a588) Importer(815301076,1909f56bfc062723c751e8b465ee728b)  -> (artifact id: '8bcf987c2a5ebac023bdf3a22389467e') in 0.000712 seconds
Number of updated asset objects reloaded before import = 0
Number of asset objects unloaded after import = 0
========================================================================
Received Import Request.
  Time since last request: 36.518599 seconds.
  path: Assets/sound/bajarEnredadera.mp3
  artifactKey: Guid(fb96570e165224a44b5b51292f35548e) Importer(815301076,1909f56bfc062723c751e8b465ee728b)
Start importing Assets/sound/bajarEnredadera.mp3 using Guid(fb96570e165224a44b5b51292f35548e) Importer(815301076,1909f56bfc062723c751e8b465ee728b)  -> (artifact id: 'e1e05cfcf61d6b055d9b4e26a02ef0d6') in 0.082826 seconds
Number of updated asset objects reloaded before import = 0
Number of asset objects unloaded after import = 2
========================================================================
Received Import Request.
  Time since last request: 330.296536 seconds.
  path: Assets/Scripts/InteractionSystem/PisoSotano.cs
  artifactKey: Guid(b33cef6e427751b4e906487a6430341d) Importer(815301076,1909f56bfc062723c751e8b465ee728b)
Start importing Assets/Scripts/InteractionSystem/PisoSotano.cs using Guid(b33cef6e427751b4e906487a6430341d) Importer(815301076,1909f56bfc062723c751e8b465ee728b)  -> (artifact id: '3749704ec6f392a4bf1187df64161ab3') in 0.006322 seconds
Number of updated asset objects reloaded before import = 0
Number of asset objects unloaded after import = 0
========================================================================
Received Import Request.
  Time since last request: 275.319522 seconds.
  path: Assets/Scripts/InteractionSystem/PisoSotano.cs
  artifactKey: Guid(b33cef6e427751b4e906487a6430341d) Importer(815301076,1909f56bfc062723c751e8b465ee728b)
Start importing Assets/Scripts/InteractionSystem/PisoSotano.cs using Guid(b33cef6e427751b4e906487a6430341d) Importer(815301076,1909f56bfc062723c751e8b465ee728b)  -> (artifact id: 'ccc0d847f91154e79cf74042f0b7aff6') in 0.000898 seconds
Number of updated asset objects reloaded before import = 0
Number of asset objects unloaded after import = 0
========================================================================
Received Import Request.
  Time since last request: 3.511154 seconds.
  path: Assets/Scripts/InteractionSystem/PisoSotano.cs
  artifactKey: Guid(b33cef6e427751b4e906487a6430341d) Importer(815301076,1909f56bfc062723c751e8b465ee728b)
Start importing Assets/Scripts/InteractionSystem/PisoSotano.cs using Guid(b33cef6e427751b4e906487a6430341d) Importer(815301076,1909f56bfc062723c751e8b465ee728b)  -> (artifact id: 'ccc0d847f91154e79cf74042f0b7aff6') in 0.001243 seconds
Number of updated asset objects reloaded before import = 0
Number of asset objects unloaded after import = 0
========================================================================
Received Import Request.
  Time since last request: 6.073630 seconds.
  path: Assets/Scripts/InteractionSystem/MacetaSetUpRoom.cs
  artifactKey: Guid(1c9f837169b183041984d385a2f60de0) Importer(815301076,1909f56bfc062723c751e8b465ee728b)
Start importing Assets/Scripts/InteractionSystem/MacetaSetUpRoom.cs using Guid(1c9f837169b183041984d385a2f60de0) Importer(815301076,1909f56bfc062723c751e8b465ee728b)  -> (artifact id: 'f11277d6d3293648e109c07cdfa178a9') in 0.001954 seconds
Number of updated asset objects reloaded before import = 0
Number of asset objects unloaded after import = 0
========================================================================
Received Import Request.
  Time since last request: 132.107364 seconds.
  path: Assets/Scripts/InteractionSystem/MacetaSetUpRoom.cs
  artifactKey: Guid(1c9f837169b183041984d385a2f60de0) Importer(815301076,1909f56bfc062723c751e8b465ee728b)
Start importing Assets/Scripts/InteractionSystem/MacetaSetUpRoom.cs using Guid(1c9f837169b183041984d385a2f60de0) Importer(815301076,1909f56bfc062723c751e8b465ee728b)  -> (artifact id: '84917c302f76b6aa8e8191ea37a8ab52') in 0.001179 seconds
Number of updated asset objects reloaded before import = 0
Number of asset objects unloaded after import = 0
========================================================================
Received Import Request.
  Time since last request: 5.398637 seconds.
  path: Assets/Scripts/InteractionSystem/Key.cs
  artifactKey: Guid(b9050408af87a09479a093ef72b3b3eb) Importer(815301076,1909f56bfc062723c751e8b465ee728b)
Start importing Assets/Scripts/InteractionSystem/Key.cs using Guid(b9050408af87a09479a093ef72b3b3eb) Importer(815301076,1909f56bfc062723c751e8b465ee728b)  -> (artifact id: '98bc04dcf1f13355f1fd0ce415d73e8f') in 1.005076 seconds
Number of updated asset objects reloaded before import = 0
Number of asset objects unloaded after import = 0
========================================================================
Received Import Request.
  Time since last request: 68.831757 seconds.
  path: Assets/sound/llave 1.mp3
  artifactKey: Guid(c52e2acbeb07c51468f3d34ed1dffb34) Importer(815301076,1909f56bfc062723c751e8b465ee728b)
Start importing Assets/sound/llave 1.mp3 using Guid(c52e2acbeb07c51468f3d34ed1dffb34) Importer(815301076,1909f56bfc062723c751e8b465ee728b)  -> (artifact id: '1264b54c7b2693ca5db35b6f3dc3836e') in 3.972487 seconds
Number of updated asset objects reloaded before import = 0
Number of asset objects unloaded after import = 2
========================================================================
Received Import Request.
  Time since last request: 72.063668 seconds.
  path: Assets/Scripts/InteractionSystem/Key.cs
  artifactKey: Guid(b9050408af87a09479a093ef72b3b3eb) Importer(815301076,1909f56bfc062723c751e8b465ee728b)
Start importing Assets/Scripts/InteractionSystem/Key.cs using Guid(b9050408af87a09479a093ef72b3b3eb) Importer(815301076,1909f56bfc062723c751e8b465ee728b)  -> (artifact id: '256635b0cabfb3ee967f3db23df3e2f6') in 0.000736 seconds
Number of updated asset objects reloaded before import = 0
Number of asset objects unloaded after import = 0
========================================================================
Received Import Request.
  Time since last request: 5.095070 seconds.
  path: Assets/Scripts/InteractionSystem/Item.cs
  artifactKey: Guid(4bb19b20cdc500b44923eeba13a52175) Importer(815301076,1909f56bfc062723c751e8b465ee728b)
Start importing Assets/Scripts/InteractionSystem/Item.cs using Guid(4bb19b20cdc500b44923eeba13a52175) Importer(815301076,1909f56bfc062723c751e8b465ee728b)  -> (artifact id: '14c8d6bf8f393fdb114e89a4721edb28') in 0.002638 seconds
Number of updated asset objects reloaded before import = 0
Number of asset objects unloaded after import = 0
========================================================================
Received Import Request.
  Time since last request: 201.437342 seconds.
  path: Assets/sound/items.mp3
  artifactKey: Guid(f3b2d0cec33d44b4287263b543f453bf) Importer(815301076,1909f56bfc062723c751e8b465ee728b)
Start importing Assets/sound/items.mp3 using Guid(f3b2d0cec33d44b4287263b543f453bf) Importer(815301076,1909f56bfc062723c751e8b465ee728b)  -> (artifact id: 'ed6f0731b874305ac772e58ff81e7abb') in 0.447468 seconds
Number of updated asset objects reloaded before import = 0
Number of asset objects unloaded after import = 2
========================================================================
Received Import Request.
  Time since last request: 268.500432 seconds.
  path: Assets/Scripts/InteractionSystem/Item.cs
  artifactKey: Guid(4bb19b20cdc500b44923eeba13a52175) Importer(815301076,1909f56bfc062723c751e8b465ee728b)
Start importing Assets/Scripts/InteractionSystem/Item.cs using Guid(4bb19b20cdc500b44923eeba13a52175) Importer(815301076,1909f56bfc062723c751e8b465ee728b)  -> (artifact id: '5f99852a9a47930acbef5a823c22fc7e') in 0.002500 seconds
Number of updated asset objects reloaded before import = 0
Number of asset objects unloaded after import = 0
========================================================================
Received Import Request.
  Time since last request: 19.498558 seconds.
  path: Assets/Scripts/InteractionSystem/Item.cs
  artifactKey: Guid(4bb19b20cdc500b44923eeba13a52175) Importer(815301076,1909f56bfc062723c751e8b465ee728b)
Start importing Assets/Scripts/InteractionSystem/Item.cs using Guid(4bb19b20cdc500b44923eeba13a52175) Importer(815301076,1909f56bfc062723c751e8b465ee728b)  -> (artifact id: '9c0af0f728d51f4ae43fee18f5941097') in 0.000719 seconds
Number of updated asset objects reloaded before import = 0
Number of asset objects unloaded after import = 0
========================================================================
Received Import Request.
  Time since last request: 106.461914 seconds.
  path: Assets/Scripts/InteractionSystem/Item.cs
  artifactKey: Guid(4bb19b20cdc500b44923eeba13a52175) Importer(815301076,1909f56bfc062723c751e8b465ee728b)
Start importing Assets/Scripts/InteractionSystem/Item.cs using Guid(4bb19b20cdc500b44923eeba13a52175) Importer(815301076,1909f56bfc062723c751e8b465ee728b)  -> (artifact id: '719a92868e8f1ae465675f6cc27b37e2') in 0.000836 seconds
Number of updated asset objects reloaded before import = 0
Number of asset objects unloaded after import = 0
========================================================================
Received Import Request.
  Time since last request: 37.550696 seconds.
  path: Assets/sound/itemSeleccionado.mp3
  artifactKey: Guid(8d9841b50e33e9c45a862898f7ff61aa) Importer(815301076,1909f56bfc062723c751e8b465ee728b)
Start importing Assets/sound/itemSeleccionado.mp3 using Guid(8d9841b50e33e9c45a862898f7ff61aa) Importer(815301076,1909f56bfc062723c751e8b465ee728b)  -> (artifact id: '0078768429c342a3a9db092021bbb603') in 5.519619 seconds
Number of updated asset objects reloaded before import = 0
Number of asset objects unloaded after import = 2
========================================================================
Received Import Request.
  Time since last request: 30.482892 seconds.
  path: Assets/Scripts/InteractionSystem/Invernadero.cs
  artifactKey: Guid(4dac2d8a272e79245954480042d9228f) Importer(815301076,1909f56bfc062723c751e8b465ee728b)
Start importing Assets/Scripts/InteractionSystem/Invernadero.cs using Guid(4dac2d8a272e79245954480042d9228f) Importer(815301076,1909f56bfc062723c751e8b465ee728b)  -> (artifact id: '5616977708ed30f261c3e9acae9f4556') in 0.028007 seconds
Number of updated asset objects reloaded before import = 0
Number of asset objects unloaded after import = 0
========================================================================
Received Import Request.
  Time since last request: 184.462188 seconds.
  path: Assets/sound/mauw.mp3
  artifactKey: Guid(7521fdc68308b184685766b4624fd620) Importer(815301076,1909f56bfc062723c751e8b465ee728b)
Start importing Assets/sound/mauw.mp3 using Guid(7521fdc68308b184685766b4624fd620) Importer(815301076,1909f56bfc062723c751e8b465ee728b)  -> (artifact id: 'ba4d8efdad5e445350ea48a0449ab93f') in 0.565653 seconds
Number of updated asset objects reloaded before import = 0
Number of asset objects unloaded after import = 2
========================================================================
Received Import Request.
  Time since last request: 49.743032 seconds.
  path: Assets/Scripts/InteractionSystem/Invernadero.cs
  artifactKey: Guid(4dac2d8a272e79245954480042d9228f) Importer(815301076,1909f56bfc062723c751e8b465ee728b)
Start importing Assets/Scripts/InteractionSystem/Invernadero.cs using Guid(4dac2d8a272e79245954480042d9228f) Importer(815301076,1909f56bfc062723c751e8b465ee728b)  -> (artifact id: 'd17303e85183688ce7b7c3ba64a4344c') in 0.002482 seconds
Number of updated asset objects reloaded before import = 0
Number of asset objects unloaded after import = 0
========================================================================
Received Import Request.
  Time since last request: 22.553028 seconds.
  path: Assets/music/invernadero.mp3
  artifactKey: Guid(dcdaf5a7af072384489183afacf8618a) Importer(815301076,1909f56bfc062723c751e8b465ee728b)
Start importing Assets/music/invernadero.mp3 using Guid(dcdaf5a7af072384489183afacf8618a) Importer(815301076,1909f56bfc062723c751e8b465ee728b)  -> (artifact id: 'a4bac307f81790ca291f3a4773621a6b') in 7.869509 seconds
Number of updated asset objects reloaded before import = 0
Number of asset objects unloaded after import = 2
========================================================================
Received Import Request.
  Time since last request: 27.382754 seconds.
  path: Assets/Scripts/InteractionSystem/Inventory.cs
  artifactKey: Guid(b086ffa1f6ca00b45bdf97cde7fc1e6c) Importer(815301076,1909f56bfc062723c751e8b465ee728b)
Start importing Assets/Scripts/InteractionSystem/Inventory.cs using Guid(b086ffa1f6ca00b45bdf97cde7fc1e6c) Importer(815301076,1909f56bfc062723c751e8b465ee728b)  -> (artifact id: 'b5a934a5d539c74a79121671750f44e8') in 0.036076 seconds
Number of updated asset objects reloaded before import = 0
Number of asset objects unloaded after import = 0
========================================================================
Received Import Request.
  Time since last request: 197.787274 seconds.
  path: Assets/sound/itemASelec.mp3
  artifactKey: Guid(f3b2d0cec33d44b4287263b543f453bf) Importer(815301076,1909f56bfc062723c751e8b465ee728b)
Start importing Assets/sound/itemASelec.mp3 using Guid(f3b2d0cec33d44b4287263b543f453bf) Importer(815301076,1909f56bfc062723c751e8b465ee728b)  -> (artifact id: 'ae47eec1ac5e841254e404622f5af3fc') in 0.042558 seconds
Number of updated asset objects reloaded before import = 0
Number of asset objects unloaded after import = 2
========================================================================
Received Import Request.
  Time since last request: 88.526478 seconds.
  path: Assets/Scripts/InteractionSystem/InteractionPromptUI.cs
  artifactKey: Guid(38a4f2651a24f6c43b7c642283c12042) Importer(815301076,1909f56bfc062723c751e8b465ee728b)
Start importing Assets/Scripts/InteractionSystem/InteractionPromptUI.cs using Guid(38a4f2651a24f6c43b7c642283c12042) Importer(815301076,1909f56bfc062723c751e8b465ee728b)  -> (artifact id: '751417f78644bed89b3a09ba91f00410') in 0.051854 seconds
Number of updated asset objects reloaded before import = 0
Number of asset objects unloaded after import = 0
========================================================================
Received Import Request.
  Time since last request: 1.276736 seconds.
  path: Assets/Scripts/InteractionSystem/Interactor.cs
  artifactKey: Guid(ae50817139a3d6943b0b21ef82a7d00f) Importer(815301076,1909f56bfc062723c751e8b465ee728b)
Start importing Assets/Scripts/InteractionSystem/Interactor.cs using Guid(ae50817139a3d6943b0b21ef82a7d00f) Importer(815301076,1909f56bfc062723c751e8b465ee728b)  -> (artifact id: '98f6944d06c65c7b68f1a78871ff4117') in 0.025638 seconds
Number of updated asset objects reloaded before import = 0
Number of asset objects unloaded after import = 0
========================================================================
Received Import Request.
  Time since last request: 17.428609 seconds.
  path: Assets/Scripts/InteractionSystem/IInteractable.cs
  artifactKey: Guid(1bf33822a43bb654bb49a938b55c032c) Importer(815301076,1909f56bfc062723c751e8b465ee728b)
Start importing Assets/Scripts/InteractionSystem/IInteractable.cs using Guid(1bf33822a43bb654bb49a938b55c032c) Importer(815301076,1909f56bfc062723c751e8b465ee728b)  -> (artifact id: 'b29be7ca58ba48880c627ccbe1748281') in 0.001460 seconds
Number of updated asset objects reloaded before import = 0
Number of asset objects unloaded after import = 0
========================================================================
Received Import Request.
  Time since last request: 0.964045 seconds.
  path: Assets/Scripts/InteractionSystem/Door.cs
  artifactKey: Guid(7933d7391cea47a43bbc9e2f532f257d) Importer(815301076,1909f56bfc062723c751e8b465ee728b)
Start importing Assets/Scripts/InteractionSystem/Door.cs using Guid(7933d7391cea47a43bbc9e2f532f257d) Importer(815301076,1909f56bfc062723c751e8b465ee728b)  -> (artifact id: 'ebbcc288fc0d0b5291cfb00860bb8426') in 0.014847 seconds
Number of updated asset objects reloaded before import = 0
Number of asset objects unloaded after import = 0
========================================================================
Received Import Request.
  Time since last request: 188.975928 seconds.
  path: Assets/Scripts/InteractionSystem/DoorSound.cs
  artifactKey: Guid(8fb7da55e895409468b6ea48bc07f7d2) Importer(815301076,1909f56bfc062723c751e8b465ee728b)
Start importing Assets/Scripts/InteractionSystem/DoorSound.cs using Guid(8fb7da55e895409468b6ea48bc07f7d2) Importer(815301076,1909f56bfc062723c751e8b465ee728b)  -> (artifact id: '40a4968244f93bd954be825ae876b47e') in 0.000963 seconds
Number of updated asset objects reloaded before import = 0
Number of asset objects unloaded after import = 0
========================================================================
Received Import Request.
  Time since last request: 104.247701 seconds.
  path: Assets/Scripts/InteractionSystem/DoorSound.cs
  artifactKey: Guid(8fb7da55e895409468b6ea48bc07f7d2) Importer(815301076,1909f56bfc062723c751e8b465ee728b)
Start importing Assets/Scripts/InteractionSystem/DoorSound.cs using Guid(8fb7da55e895409468b6ea48bc07f7d2) Importer(815301076,1909f56bfc062723c751e8b465ee728b)  -> (artifact id: '928ba1f75ba5ccf994c519e671eacfbb') in 0.008437 seconds
Number of updated asset objects reloaded before import = 0
Number of asset objects unloaded after import = 0
========================================================================
Received Import Request.
  Time since last request: 15.802218 seconds.
  path: Assets/sound/abrirPuerta.mp3
  artifactKey: Guid(59aad53a2b72fe247a7bce266c331af3) Importer(815301076,1909f56bfc062723c751e8b465ee728b)
Start importing Assets/sound/abrirPuerta.mp3 using Guid(59aad53a2b72fe247a7bce266c331af3) Importer(815301076,1909f56bfc062723c751e8b465ee728b)  -> (artifact id: '85133fda73c00796815a7224aa94f88f') in 5.550819 seconds
Number of updated asset objects reloaded before import = 0
Number of asset objects unloaded after import = 2
========================================================================
Received Import Request.
  Time since last request: 103.676018 seconds.
  path: Assets/Scripts/AudioManager.cs
  artifactKey: Guid(2be7cdcf5b654cc4a90facaba57f0441) Importer(815301076,1909f56bfc062723c751e8b465ee728b)
Start importing Assets/Scripts/AudioManager.cs using Guid(2be7cdcf5b654cc4a90facaba57f0441) Importer(815301076,1909f56bfc062723c751e8b465ee728b)  -> (artifact id: '9a11e2761df526ee31dc4e3e1e48b31c') in 0.018476 seconds
Number of updated asset objects reloaded before import = 0
Number of asset objects unloaded after import = 0
========================================================================
Received Import Request.
  Time since last request: 46.254869 seconds.
  path: Assets/music/backgroundMusic.mp3
  artifactKey: Guid(ac5a37ce6ef4eb740b95428e5996cffe) Importer(815301076,1909f56bfc062723c751e8b465ee728b)
Start importing Assets/music/backgroundMusic.mp3 using Guid(ac5a37ce6ef4eb740b95428e5996cffe) Importer(815301076,1909f56bfc062723c751e8b465ee728b)  -> (artifact id: '2a6e51f14240fa6001a6f992a36821e6') in 0.363001 seconds
Number of updated asset objects reloaded before import = 0
Number of asset objects unloaded after import = 2
========================================================================
Received Import Request.
  Time since last request: 37.879259 seconds.
  path: Assets/Scripts/InteractionSystem/CuidarMaceta.cs
  artifactKey: Guid(c1acba0d01dd84c45914130034887d42) Importer(815301076,1909f56bfc062723c751e8b465ee728b)
Start importing Assets/Scripts/InteractionSystem/CuidarMaceta.cs using Guid(c1acba0d01dd84c45914130034887d42) Importer(815301076,1909f56bfc062723c751e8b465ee728b)  -> (artifact id: 'e2749f8c986a61d79ab5b50ec6a43142') in 0.025314 seconds
Number of updated asset objects reloaded before import = 0
Number of asset objects unloaded after import = 0
========================================================================
Received Import Request.
  Time since last request: 1.178140 seconds.
  path: Assets/Scripts/InteractionSystem/CuidarPlantula.cs
  artifactKey: Guid(5a19fb2892494cf4684467c15cd87e75) Importer(815301076,1909f56bfc062723c751e8b465ee728b)
Start importing Assets/Scripts/InteractionSystem/CuidarPlantula.cs using Guid(5a19fb2892494cf4684467c15cd87e75) Importer(815301076,1909f56bfc062723c751e8b465ee728b)  -> (artifact id: 'd7b1f61a61fab7f0e6ef4fa0fd8c3734') in 1.182543 seconds
Number of updated asset objects reloaded before import = 0
Number of asset objects unloaded after import = 0
========================================================================
Received Import Request.
  Time since last request: 168.484086 seconds.
  path: Assets/Scripts/InteractionSystem/WaterPlant.cs
  artifactKey: Guid(f7df01f5b3d7d4d43bdae5329961ea8c) Importer(815301076,1909f56bfc062723c751e8b465ee728b)
Start importing Assets/Scripts/InteractionSystem/WaterPlant.cs using Guid(f7df01f5b3d7d4d43bdae5329961ea8c) Importer(815301076,1909f56bfc062723c751e8b465ee728b)  -> (artifact id: '0245b8c34eddc7801204d51190b4cdd0') in 0.023655 seconds
Number of updated asset objects reloaded before import = 0
Number of asset objects unloaded after import = 0
========================================================================
Received Import Request.
  Time since last request: 123.480018 seconds.
  path: Assets/Scripts/InteractionSystem/WaterPlant.cs
  artifactKey: Guid(f7df01f5b3d7d4d43bdae5329961ea8c) Importer(815301076,1909f56bfc062723c751e8b465ee728b)
Start importing Assets/Scripts/InteractionSystem/WaterPlant.cs using Guid(f7df01f5b3d7d4d43bdae5329961ea8c) Importer(815301076,1909f56bfc062723c751e8b465ee728b)  -> (artifact id: '903c7736f5e504a962fe7e5e9ef04bd9') in 0.001842 seconds
Number of updated asset objects reloaded before import = 0
Number of asset objects unloaded after import = 0
========================================================================
Received Import Request.
  Time since last request: 12.280073 seconds.
  path: Assets/sound/regarPlanta.mp3
  artifactKey: Guid(760f911a7df09b54d90cf86d7ce285c9) Importer(815301076,1909f56bfc062723c751e8b465ee728b)
Start importing Assets/sound/regarPlanta.mp3 using Guid(760f911a7df09b54d90cf86d7ce285c9) Importer(815301076,1909f56bfc062723c751e8b465ee728b)  -> (artifact id: '779f1df50b21bb675424dccc99b6a25b') in 7.238006 seconds
Number of updated asset objects reloaded before import = 0
Number of asset objects unloaded after import = 2
========================================================================
Received Import Request.
  Time since last request: 193.403477 seconds.
  path: Assets/Scripts/InteractionSystem/CuidarMaceta.cs
  artifactKey: Guid(c1acba0d01dd84c45914130034887d42) Importer(815301076,1909f56bfc062723c751e8b465ee728b)
Start importing Assets/Scripts/InteractionSystem/CuidarMaceta.cs using Guid(c1acba0d01dd84c45914130034887d42) Importer(815301076,1909f56bfc062723c751e8b465ee728b)  -> (artifact id: 'b40e0bc452761151f8dc8cc6d6042abc') in 0.001160 seconds
Number of updated asset objects reloaded before import = 0
Number of asset objects unloaded after import = 0
========================================================================
Received Import Request.
  Time since last request: 6.066338 seconds.
  path: Assets/Scripts/InteractionSystem/CuidarMaceta.cs
  artifactKey: Guid(c1acba0d01dd84c45914130034887d42) Importer(815301076,1909f56bfc062723c751e8b465ee728b)
Start importing Assets/Scripts/InteractionSystem/CuidarMaceta.cs using Guid(c1acba0d01dd84c45914130034887d42) Importer(815301076,1909f56bfc062723c751e8b465ee728b)  -> (artifact id: 'b40e0bc452761151f8dc8cc6d6042abc') in 0.009366 seconds
Number of updated asset objects reloaded before import = 0
Number of asset objects unloaded after import = 0
========================================================================
Received Import Request.
  Time since last request: 323.507996 seconds.
  path: Assets/Scripts/AudioManager.cs
  artifactKey: Guid(2be7cdcf5b654cc4a90facaba57f0441) Importer(815301076,1909f56bfc062723c751e8b465ee728b)
Start importing Assets/Scripts/AudioManager.cs using Guid(2be7cdcf5b654cc4a90facaba57f0441) Importer(815301076,1909f56bfc062723c751e8b465ee728b)  -> (artifact id: 'cc9b46dbb5c05e47a188e68563857db3') in 0.001144 seconds
Number of updated asset objects reloaded before import = 0
Number of asset objects unloaded after import = 0
========================================================================
Received Import Request.
  Time since last request: 251.462666 seconds.
  path: Assets/music/contaminado.mp3
  artifactKey: Guid(f27e7a05c64ee4a41ab243c04d22e5fa) Importer(815301076,1909f56bfc062723c751e8b465ee728b)
Start importing Assets/music/contaminado.mp3 using Guid(f27e7a05c64ee4a41ab243c04d22e5fa) Importer(815301076,1909f56bfc062723c751e8b465ee728b)  -> (artifact id: 'c40c0c67c0407f6e58e159c9cb749610') in 0.686072 seconds
Number of updated asset objects reloaded before import = 0
Number of asset objects unloaded after import = 2
========================================================================
Received Import Request.
  Time since last request: 91.819989 seconds.
  path: Assets/music/oscuro.mp3
  artifactKey: Guid(f27e7a05c64ee4a41ab243c04d22e5fa) Importer(815301076,1909f56bfc062723c751e8b465ee728b)
Start importing Assets/music/oscuro.mp3 using Guid(f27e7a05c64ee4a41ab243c04d22e5fa) Importer(815301076,1909f56bfc062723c751e8b465ee728b)  -> (artifact id: 'd58a5404ae41b9aa554095815d706c91') in 14.189351 seconds
Number of updated asset objects reloaded before import = 0
Number of asset objects unloaded after import = 2
========================================================================
Received Import Request.
  Time since last request: 15.019987 seconds.
  path: Assets/music/contaminado.mp3
  artifactKey: Guid(18ee95013164fb440b9e4e673218ba0b) Importer(815301076,1909f56bfc062723c751e8b465ee728b)
Start importing Assets/music/contaminado.mp3 using Guid(18ee95013164fb440b9e4e673218ba0b) Importer(815301076,1909f56bfc062723c751e8b465ee728b)  -> (artifact id: 'bc80382c819bea0458013ac9f1960e1c') in 0.129990 seconds
Number of updated asset objects reloaded before import = 0
Number of asset objects unloaded after import = 2
